{"/home/jmromero/Documentos/proyectos/Impostor/frontend/src/App.vue": {"path":"/home/jmromero/Documentos/proyectos/Impostor/frontend/src/App.vue","statementMap":{"0":{"start":{"line":24,"column":24},"end":{"line":34,"column":2}},"1":{"start":{"line":25,"column":2},"end":{"line":33,"column":null}},"2":{"start":{"line":26,"column":20},"end":{"line":26,"column":null}},"3":{"start":{"line":27,"column":18},"end":{"line":27,"column":null}},"4":{"start":{"line":28,"column":22},"end":{"line":28,"column":null}},"5":{"start":{"line":29,"column":19},"end":{"line":29,"column":null}},"6":{"start":{"line":30,"column":31},"end":{"line":30,"column":null}},"7":{"start":{"line":31,"column":20},"end":{"line":31,"column":null}},"8":{"start":{"line":32,"column":13},"end":{"line":32,"column":null}},"9":{"start":{"line":4,"column":11},"end":{"line":4,"column":null}},"10":{"start":{"line":2,"column":2},"end":{"line":6,"column":46}},"11":{"start":{"line":9,"column":18},"end":{"line":6,"column":46}},"12":{"start":{"line":8,"column":12},"end":{"line":6,"column":46}},"13":{"start":{"line":6,"column":46},"end":{"line":6,"column":46}}},"fnMap":{"0":{"name":"(anonymous_0)","decl":{"start":{"line":24,"column":34},"end":{"line":24,"column":35}},"loc":{"start":{"line":24,"column":40},"end":{"line":34,"column":1}},"line":24},"1":{"name":"(anonymous_1)","decl":{"start":{"line":3,"column":4},"end":{"line":3,"column":null}},"loc":{"start":{"line":9,"column":18},"end":{"line":6,"column":46}},"line":9},"2":{"name":"(anonymous_2)","decl":{"start":{"line":4,"column":6},"end":{"line":4,"column":11}},"loc":{"start":{"line":8,"column":12},"end":{"line":6,"column":46}},"line":8},"3":{"name":"(anonymous_3)","decl":{"start":{"line":6,"column":10},"end":{"line":6,"column":26}},"loc":{"start":{"line":6,"column":46},"end":{"line":6,"column":46}},"line":6}},"branchMap":{"0":{"loc":{"start":{"line":25,"column":2},"end":{"line":33,"column":null}},"type":"switch","locations":[{"start":{"line":26,"column":4},"end":{"line":26,"column":null}},{"start":{"line":27,"column":4},"end":{"line":27,"column":null}},{"start":{"line":28,"column":4},"end":{"line":28,"column":null}},{"start":{"line":29,"column":4},"end":{"line":29,"column":null}},{"start":{"line":30,"column":4},"end":{"line":30,"column":null}},{"start":{"line":31,"column":4},"end":{"line":31,"column":null}},{"start":{"line":32,"column":4},"end":{"line":32,"column":null}}],"line":25}},"s":{"0":7,"1":48,"2":21,"3":2,"4":3,"5":4,"6":5,"7":6,"8":7,"9":1,"10":7,"11":7,"12":7,"13":42},"f":{"0":48,"1":7,"2":7,"3":42},"b":{"0":[21,2,3,4,5,6,7]},"meta":{"lastBranch":0,"lastFunction":0,"lastStatement":0,"seen":{}}}
,"/home/jmromero/Documentos/proyectos/Impostor/frontend/src/components/DebateView.vue": {"path":"/home/jmromero/Documentos/proyectos/Impostor/frontend/src/components/DebateView.vue","statementMap":{"0":{"start":{"line":46,"column":16},"end":{"line":46,"column":52}},"1":{"start":{"line":47,"column":18},"end":{"line":47,"column":48}},"2":{"start":{"line":48,"column":22},"end":{"line":48,"column":38}},"3":{"start":{"line":49,"column":20},"end":{"line":49,"column":24}},"4":{"start":{"line":51,"column":21},"end":{"line":55,"column":2}},"5":{"start":{"line":52,"column":14},"end":{"line":52,"column":45}},"6":{"start":{"line":53,"column":14},"end":{"line":53,"column":33}},"7":{"start":{"line":54,"column":4},"end":{"line":54,"column":null}},"8":{"start":{"line":57,"column":18},"end":{"line":59,"column":2}},"9":{"start":{"line":58,"column":4},"end":{"line":58,"column":null}},"10":{"start":{"line":61,"column":16},"end":{"line":61,"column":53}},"11":{"start":{"line":61,"column":32},"end":{"line":61,"column":52}},"12":{"start":{"line":64,"column":0},"end":{"line":68,"column":null}},"13":{"start":{"line":65,"column":4},"end":{"line":67,"column":null}},"14":{"start":{"line":70,"column":13},"end":{"line":83,"column":1}},"15":{"start":{"line":71,"column":4},"end":{"line":82,"column":null}},"16":{"start":{"line":72,"column":8},"end":{"line":72,"column":null}},"17":{"start":{"line":75,"column":8},"end":{"line":76,"column":null}},"18":{"start":{"line":79,"column":8},"end":{"line":79,"column":null}},"19":{"start":{"line":85,"column":19},"end":{"line":87,"column":1}},"20":{"start":{"line":86,"column":4},"end":{"line":86,"column":null}},"21":{"start":{"line":89,"column":0},"end":{"line":91,"column":null}},"22":{"start":{"line":90,"column":4},"end":{"line":90,"column":null}},"23":{"start":{"line":93,"column":0},"end":{"line":95,"column":null}},"24":{"start":{"line":94,"column":4},"end":{"line":94,"column":null}},"25":{"start":{"line":94,"column":23},"end":{"line":94,"column":null}},"26":{"start":{"line":2,"column":9},"end":{"line":2,"column":null}},"27":{"start":{"line":11,"column":13},"end":{"line":11,"column":null}},"28":{"start":{"line":12,"column":17},"end":{"line":12,"column":null}},"29":{"start":{"line":13,"column":21},"end":{"line":13,"column":null}},"30":{"start":{"line":21,"column":25},"end":{"line":21,"column":null}},"31":{"start":{"line":31,"column":13},"end":{"line":31,"column":null}},"32":{"start":{"line":2,"column":4},"end":{"line":34,"column":65}}},"fnMap":{"0":{"name":"(anonymous_0)","decl":{"start":{"line":51,"column":31},"end":{"line":51,"column":32}},"loc":{"start":{"line":51,"column":37},"end":{"line":55,"column":1}},"line":51},"1":{"name":"(anonymous_1)","decl":{"start":{"line":57,"column":28},"end":{"line":57,"column":29}},"loc":{"start":{"line":57,"column":34},"end":{"line":59,"column":1}},"line":57},"2":{"name":"(anonymous_2)","decl":{"start":{"line":61,"column":26},"end":{"line":61,"column":27}},"loc":{"start":{"line":61,"column":32},"end":{"line":61,"column":52}},"line":61},"3":{"name":"(anonymous_3)","decl":{"start":{"line":64,"column":16},"end":{"line":64,"column":17}},"loc":{"start":{"line":64,"column":28},"end":{"line":68,"column":1}},"line":64},"4":{"name":"(anonymous_4)","decl":{"start":{"line":70,"column":13},"end":{"line":70,"column":14}},"loc":{"start":{"line":70,"column":19},"end":{"line":83,"column":1}},"line":70},"5":{"name":"(anonymous_5)","decl":{"start":{"line":85,"column":19},"end":{"line":85,"column":20}},"loc":{"start":{"line":85,"column":25},"end":{"line":87,"column":1}},"line":85},"6":{"name":"(anonymous_6)","decl":{"start":{"line":89,"column":10},"end":{"line":89,"column":11}},"loc":{"start":{"line":89,"column":16},"end":{"line":91,"column":1}},"line":89},"7":{"name":"(anonymous_7)","decl":{"start":{"line":93,"column":12},"end":{"line":93,"column":13}},"loc":{"start":{"line":93,"column":18},"end":{"line":95,"column":1}},"line":93}},"branchMap":{"0":{"loc":{"start":{"line":46,"column":21},"end":{"line":46,"column":51}},"type":"binary-expr","locations":[{"start":{"line":46,"column":21},"end":{"line":46,"column":44}},{"start":{"line":46,"column":48},"end":{"line":46,"column":51}}],"line":46},"1":{"loc":{"start":{"line":47,"column":18},"end":{"line":47,"column":48}},"type":"binary-expr","locations":[{"start":{"line":47,"column":18},"end":{"line":47,"column":41}},{"start":{"line":47,"column":45},"end":{"line":47,"column":48}}],"line":47},"2":{"loc":{"start":{"line":54,"column":19},"end":{"line":54,"column":36}},"type":"cond-expr","locations":[{"start":{"line":54,"column":28},"end":{"line":54,"column":31}},{"start":{"line":54,"column":34},"end":{"line":54,"column":36}}],"line":54},"3":{"loc":{"start":{"line":65,"column":4},"end":{"line":67,"column":null}},"type":"if","locations":[{"start":{"line":65,"column":4},"end":{"line":67,"column":null}},{"start":{},"end":{}}],"line":65},"4":{"loc":{"start":{"line":71,"column":4},"end":{"line":82,"column":null}},"type":"if","locations":[{"start":{"line":71,"column":4},"end":{"line":82,"column":null}},{"start":{"line":78,"column":11},"end":{"line":82,"column":null}}],"line":71},"5":{"loc":{"start":{"line":75,"column":8},"end":{"line":76,"column":null}},"type":"if","locations":[{"start":{"line":75,"column":8},"end":{"line":76,"column":null}},{"start":{},"end":{}}],"line":75},"6":{"loc":{"start":{"line":75,"column":12},"end":{"line":75,"column":54}},"type":"binary-expr","locations":[{"start":{"line":75,"column":12},"end":{"line":75,"column":32}},{"start":{"line":75,"column":36},"end":{"line":75,"column":54}}],"line":75},"7":{"loc":{"start":{"line":94,"column":4},"end":{"line":94,"column":null}},"type":"if","locations":[{"start":{"line":94,"column":4},"end":{"line":94,"column":null}},{"start":{},"end":{}}],"line":94},"8":{"loc":{"start":{"line":3,"column":8},"end":{"line":6,"column":114}},"type":"binary-expr","locations":[{"start":{"line":3,"column":8},"end":{"line":3,"column":13}},{"start":{"line":3,"column":8},"end":{"line":6,"column":114}}],"line":3},"9":{"loc":{"start":{"line":16,"column":24},"end":{"line":16,"column":74}},"type":"binary-expr","locations":[{"start":{"line":16,"column":24},"end":{"line":16,"column":32}},{"start":{"line":16,"column":24},"end":{"line":16,"column":74}}],"line":16},"10":{"loc":{"start":{"line":33,"column":16},"end":{"line":33,"column":55}},"type":"binary-expr","locations":[{"start":{"line":33,"column":16},"end":{"line":33,"column":22}},{"start":{"line":33,"column":16},"end":{"line":33,"column":55}}],"line":33}},"s":{"0":10,"1":10,"2":10,"3":10,"4":10,"5":15,"6":15,"7":15,"8":10,"9":15,"10":10,"11":15,"12":10,"13":1,"14":10,"15":66,"16":65,"17":65,"18":1,"19":10,"20":1,"21":10,"22":10,"23":10,"24":1,"25":1,"26":1,"27":1,"28":1,"29":1,"30":1,"31":1,"32":15},"f":{"0":15,"1":15,"2":15,"3":1,"4":66,"5":1,"6":10,"7":1},"b":{"0":[10,1],"1":[10,1],"2":[11,4],"3":[1,0],"4":[65,1],"5":[4,61],"6":[65,5],"7":[1,0],"8":[15,10],"9":[15,10],"10":[15,10]},"meta":{"lastBranch":0,"lastFunction":0,"lastStatement":0,"seen":{}}}
,"/home/jmromero/Documentos/proyectos/Impostor/frontend/src/components/EliminationReveal.vue": {"path":"/home/jmromero/Documentos/proyectos/Impostor/frontend/src/components/EliminationReveal.vue","statementMap":{"0":{"start":{"line":77,"column":21},"end":{"line":77,"column":104}},"1":{"start":{"line":77,"column":37},"end":{"line":77,"column":103}},"2":{"start":{"line":77,"column":63},"end":{"line":77,"column":102}},"3":{"start":{"line":78,"column":25},"end":{"line":78,"column":102}},"4":{"start":{"line":78,"column":41},"end":{"line":78,"column":101}},"5":{"start":{"line":78,"column":73},"end":{"line":78,"column":93}},"6":{"start":{"line":2,"column":9},"end":{"line":2,"column":null}},"7":{"start":{"line":3,"column":13},"end":{"line":3,"column":null}},"8":{"start":{"line":4,"column":17},"end":{"line":4,"column":null}},"9":{"start":{"line":12,"column":21},"end":{"line":12,"column":null}},"10":{"start":{"line":21,"column":24},"end":{"line":21,"column":50}},"11":{"start":{"line":36,"column":21},"end":{"line":36,"column":null}},"12":{"start":{"line":37,"column":25},"end":{"line":37,"column":null}},"13":{"start":{"line":38,"column":29},"end":{"line":38,"column":null}},"14":{"start":{"line":40,"column":34},"end":{"line":40,"column":56}},"15":{"start":{"line":43,"column":25},"end":{"line":43,"column":null}},"16":{"start":{"line":44,"column":29},"end":{"line":44,"column":null}},"17":{"start":{"line":46,"column":34},"end":{"line":46,"column":56}},"18":{"start":{"line":53,"column":13},"end":{"line":53,"column":null}},"19":{"start":{"line":54,"column":17},"end":{"line":54,"column":null}},"20":{"start":{"line":2,"column":4},"end":{"line":57,"column":82}},"21":{"start":{"line":55,"column":32},"end":{"line":55,"column":61}}},"fnMap":{"0":{"name":"(anonymous_0)","decl":{"start":{"line":77,"column":31},"end":{"line":77,"column":32}},"loc":{"start":{"line":77,"column":37},"end":{"line":77,"column":103}},"line":77},"1":{"name":"(anonymous_1)","decl":{"start":{"line":77,"column":58},"end":{"line":77,"column":59}},"loc":{"start":{"line":77,"column":63},"end":{"line":77,"column":102}},"line":77},"2":{"name":"(anonymous_2)","decl":{"start":{"line":78,"column":35},"end":{"line":78,"column":36}},"loc":{"start":{"line":78,"column":41},"end":{"line":78,"column":101}},"line":78},"3":{"name":"(anonymous_3)","decl":{"start":{"line":78,"column":68},"end":{"line":78,"column":69}},"loc":{"start":{"line":78,"column":73},"end":{"line":78,"column":93}},"line":78},"4":{"name":"(anonymous_4)","decl":{"start":{"line":55,"column":30},"end":{"line":55,"column":32}},"loc":{"start":{"line":55,"column":32},"end":{"line":55,"column":61}},"line":55}},"branchMap":{"0":{"loc":{"start":{"line":7,"column":31},"end":{"line":7,"column":130}},"type":"cond-expr","locations":[{"start":{"line":7,"column":80},"end":{"line":7,"column":92}},{"start":{"line":7,"column":95},"end":{"line":7,"column":130}}],"line":7},"1":{"loc":{"start":{"line":10,"column":16},"end":{"line":10,"column":102}},"type":"binary-expr","locations":[{"start":{"line":10,"column":16},"end":{"line":10,"column":20}},{"start":{"line":10,"column":16},"end":{"line":10,"column":102}}],"line":10},"2":{"loc":{"start":{"line":14,"column":51},"end":{"line":14,"column":null}},"type":"binary-expr","locations":[{"start":{"line":14,"column":51},"end":{"line":14,"column":92}},{"start":{"line":14,"column":92},"end":{"line":14,"column":null}}],"line":14},"3":{"loc":{"start":{"line":15,"column":35},"end":{"line":18,"column":94}},"type":"cond-expr","locations":[{"start":{"line":15,"column":24},"end":{"line":16,"column":112}},{"start":{"line":17,"column":24},"end":{"line":18,"column":94}}],"line":15},"4":{"loc":{"start":{"line":24,"column":41},"end":{"line":24,"column":118}},"type":"cond-expr","locations":[{"start":{"line":24,"column":90},"end":{"line":24,"column":102}},{"start":{"line":24,"column":105},"end":{"line":24,"column":118}}],"line":24},"5":{"loc":{"start":{"line":26,"column":27},"end":{"line":26,"column":null}},"type":"cond-expr","locations":[{"start":{"line":26,"column":59},"end":{"line":26,"column":null}},{"start":{"line":26,"column":59},"end":{"line":26,"column":null}}],"line":26},"6":{"loc":{"start":{"line":30,"column":27},"end":{"line":33,"column":78}},"type":"cond-expr","locations":[{"start":{"line":30,"column":16},"end":{"line":33,"column":78}}],"line":30},"7":{"loc":{"start":{"line":32,"column":26},"end":{"line":32,"column":48}},"type":"binary-expr","locations":[{"start":{"line":32,"column":26},"end":{"line":32,"column":37}},{"start":{"line":32,"column":26},"end":{"line":32,"column":48}}],"line":32},"8":{"loc":{"start":{"line":32,"column":88},"end":{"line":32,"column":null}},"type":"cond-expr","locations":[{"start":{"line":32,"column":105},"end":{"line":32,"column":null}},{"start":{"line":32,"column":105},"end":{"line":32,"column":null}}],"line":32},"9":{"loc":{"start":{"line":33,"column":36},"end":{"line":33,"column":78}},"type":"cond-expr","locations":[{"start":{"line":33,"column":53},"end":{"line":33,"column":78}},{"start":{"line":33,"column":53},"end":{"line":33,"column":78}}],"line":33},"10":{"loc":{"start":{"line":39,"column":28},"end":{"line":39,"column":65}},"type":"binary-expr","locations":[{"start":{"line":39,"column":28},"end":{"line":39,"column":34}},{"start":{"line":39,"column":28},"end":{"line":39,"column":65}}],"line":39},"11":{"loc":{"start":{"line":45,"column":28},"end":{"line":45,"column":77}},"type":"binary-expr","locations":[{"start":{"line":45,"column":28},"end":{"line":45,"column":34}},{"start":{"line":45,"column":28},"end":{"line":45,"column":77}}],"line":45},"12":{"loc":{"start":{"line":55,"column":30},"end":{"line":55,"column":61}},"type":"binary-expr","locations":[{"start":{"line":55,"column":30},"end":{"line":55,"column":32}},{"start":{"line":55,"column":30},"end":{"line":55,"column":61}}],"line":55},"13":{"loc":{"start":{"line":56,"column":20},"end":{"line":56,"column":84}},"type":"binary-expr","locations":[{"start":{"line":56,"column":20},"end":{"line":56,"column":26}},{"start":{"line":56,"column":20},"end":{"line":56,"column":84}}],"line":56}},"s":{"0":9,"1":50,"2":250,"3":9,"4":54,"5":210,"6":2,"7":2,"8":2,"9":2,"10":2,"11":2,"12":2,"13":2,"14":2,"15":2,"16":2,"17":2,"18":2,"19":2,"20":72,"21":1},"f":{"0":50,"1":250,"2":54,"3":210,"4":1},"b":{"0":[3,69],"1":[72,9],"2":[72,0],"3":[63,9],"4":[3,69],"5":[3,69],"6":[66],"7":[66,9],"8":[5,61],"9":[5,61],"10":[72,9],"11":[72,9],"12":[72,9],"13":[72,9]},"meta":{"lastBranch":0,"lastFunction":0,"lastStatement":0,"seen":{}}}
,"/home/jmromero/Documentos/proyectos/Impostor/frontend/src/components/PlayerView.vue": {"path":"/home/jmromero/Documentos/proyectos/Impostor/frontend/src/components/PlayerView.vue","statementMap":{"0":{"start":{"line":112,"column":16},"end":{"line":112,"column":27}},"1":{"start":{"line":113,"column":21},"end":{"line":113,"column":77}},"2":{"start":{"line":113,"column":37},"end":{"line":113,"column":76}},"3":{"start":{"line":115,"column":26},"end":{"line":121,"column":1}},"4":{"start":{"line":116,"column":2},"end":{"line":120,"column":null}},"5":{"start":{"line":117,"column":4},"end":{"line":117,"column":null}},"6":{"start":{"line":119,"column":4},"end":{"line":119,"column":null}},"7":{"start":{"line":123,"column":21},"end":{"line":125,"column":1}},"8":{"start":{"line":124,"column":2},"end":{"line":124,"column":null}},"9":{"start":{"line":127,"column":13},"end":{"line":130,"column":1}},"10":{"start":{"line":128,"column":2},"end":{"line":128,"column":null}},"11":{"start":{"line":129,"column":2},"end":{"line":129,"column":null}},"12":{"start":{"line":2,"column":7},"end":{"line":2,"column":null}},"13":{"start":{"line":6,"column":9},"end":{"line":6,"column":null}},"14":{"start":{"line":7,"column":11},"end":{"line":7,"column":null}},"15":{"start":{"line":8,"column":13},"end":{"line":8,"column":null}},"16":{"start":{"line":16,"column":12},"end":{"line":16,"column":59}},"17":{"start":{"line":22,"column":11},"end":{"line":22,"column":null}},"18":{"start":{"line":23,"column":14},"end":{"line":23,"column":47}},"19":{"start":{"line":27,"column":9},"end":{"line":27,"column":null}},"20":{"start":{"line":28,"column":11},"end":{"line":28,"column":null}},"21":{"start":{"line":41,"column":19},"end":{"line":41,"column":null}},"22":{"start":{"line":47,"column":24},"end":{"line":47,"column":75}},"23":{"start":{"line":63,"column":19},"end":{"line":63,"column":null}},"24":{"start":{"line":80,"column":9},"end":{"line":80,"column":null}},"25":{"start":{"line":2,"column":2},"end":{"line":89,"column":37}},"26":{"start":{"line":59,"column":18},"end":{"line":72,"column":78}},"27":{"start":{"line":81,"column":22},"end":{"line":81,"column":58}}},"fnMap":{"0":{"name":"(anonymous_0)","decl":{"start":{"line":113,"column":31},"end":{"line":113,"column":32}},"loc":{"start":{"line":113,"column":37},"end":{"line":113,"column":76}},"line":113},"1":{"name":"(anonymous_1)","decl":{"start":{"line":115,"column":26},"end":{"line":115,"column":27}},"loc":{"start":{"line":115,"column":32},"end":{"line":121,"column":1}},"line":115},"2":{"name":"(anonymous_2)","decl":{"start":{"line":123,"column":21},"end":{"line":123,"column":22}},"loc":{"start":{"line":123,"column":27},"end":{"line":125,"column":1}},"line":123},"3":{"name":"(anonymous_3)","decl":{"start":{"line":127,"column":13},"end":{"line":127,"column":14}},"loc":{"start":{"line":127,"column":19},"end":{"line":130,"column":1}},"line":127},"4":{"name":"(anonymous_4)","decl":{"start":{"line":35,"column":12},"end":{"line":35,"column":23}},"loc":{"start":{"line":59,"column":18},"end":{"line":72,"column":78}},"line":59},"5":{"name":"(anonymous_5)","decl":{"start":{"line":81,"column":20},"end":{"line":81,"column":22}},"loc":{"start":{"line":81,"column":22},"end":{"line":81,"column":58}},"line":81}},"branchMap":{"0":{"loc":{"start":{"line":116,"column":2},"end":{"line":120,"column":null}},"type":"if","locations":[{"start":{"line":116,"column":2},"end":{"line":120,"column":null}},{"start":{"line":118,"column":9},"end":{"line":120,"column":null}}],"line":116},"1":{"loc":{"start":{"line":9,"column":10},"end":{"line":9,"column":41}},"type":"binary-expr","locations":[{"start":{"line":9,"column":10},"end":{"line":9,"column":15}},{"start":{"line":9,"column":10},"end":{"line":9,"column":41}}],"line":9},"2":{"loc":{"start":{"line":10,"column":62},"end":{"line":10,"column":null}},"type":"binary-expr","locations":[{"start":{"line":10,"column":62},"end":{"line":10,"column":89}},{"start":{"line":10,"column":89},"end":{"line":10,"column":null}}],"line":10},"3":{"loc":{"start":{"line":11,"column":23},"end":{"line":13,"column":109}},"type":"cond-expr","locations":[{"start":{"line":11,"column":12},"end":{"line":12,"column":43}},{"start":{"line":13,"column":12},"end":{"line":13,"column":109}}],"line":11},"4":{"loc":{"start":{"line":17,"column":8},"end":{"line":17,"column":65}},"type":"binary-expr","locations":[{"start":{"line":17,"column":8},"end":{"line":17,"column":11}},{"start":{"line":17,"column":8},"end":{"line":17,"column":65}}],"line":17},"5":{"loc":{"start":{"line":21,"column":15},"end":{"line":23,"column":99}},"type":"cond-expr","locations":[{"start":{"line":21,"column":4},"end":{"line":23,"column":99}}],"line":21},"6":{"loc":{"start":{"line":35,"column":23},"end":{"line":72,"column":78}},"type":"cond-expr","locations":[{"start":{"line":35,"column":12},"end":{"line":55,"column":99}},{"start":{"line":62,"column":12},"end":{"line":72,"column":78}}],"line":35},"7":{"loc":{"start":{"line":37,"column":33},"end":{"line":37,"column":109}},"type":"cond-expr","locations":[{"start":{"line":37,"column":68},"end":{"line":37,"column":80}},{"start":{"line":37,"column":83},"end":{"line":37,"column":109}}],"line":37},"8":{"loc":{"start":{"line":38,"column":25},"end":{"line":38,"column":94}},"type":"cond-expr","locations":[{"start":{"line":38,"column":43},"end":{"line":38,"column":94}},{"start":{"line":38,"column":43},"end":{"line":38,"column":94}}],"line":38},"9":{"loc":{"start":{"line":42,"column":32},"end":{"line":55,"column":99}},"type":"cond-expr","locations":[{"start":{"line":43,"column":18},"end":{"line":43,"column":95}},{"start":{"line":45,"column":37},"end":{"line":55,"column":99}}],"line":42},"10":{"loc":{"start":{"line":45,"column":37},"end":{"line":55,"column":99}},"type":"cond-expr","locations":[{"start":{"line":45,"column":16},"end":{"line":55,"column":99}}],"line":45},"11":{"loc":{"start":{"line":46,"column":29},"end":{"line":55,"column":99}},"type":"cond-expr","locations":[{"start":{"line":46,"column":18},"end":{"line":51,"column":49}},{"start":{"line":53,"column":18},"end":{"line":55,"column":99}}],"line":46},"12":{"loc":{"start":{"line":48,"column":20},"end":{"line":48,"column":109}},"type":"binary-expr","locations":[{"start":{"line":48,"column":20},"end":{"line":48,"column":23}},{"start":{"line":48,"column":20},"end":{"line":48,"column":109}}],"line":48},"13":{"loc":{"start":{"line":49,"column":20},"end":{"line":51,"column":49}},"type":"binary-expr","locations":[{"start":{"line":49,"column":20},"end":{"line":49,"column":23}},{"start":{"line":49,"column":20},"end":{"line":51,"column":49}}],"line":49},"14":{"loc":{"start":{"line":56,"column":24},"end":{"line":55,"column":99}},"type":"binary-expr","locations":[{"start":{"line":56,"column":24},"end":{"line":56,"column":null}},{"start":{"line":56,"column":24},"end":{"line":55,"column":99}}],"line":56},"15":{"loc":{"start":{"line":64,"column":16},"end":{"line":64,"column":45}},"type":"binary-expr","locations":[{"start":{"line":64,"column":16},"end":{"line":64,"column":21}},{"start":{"line":64,"column":16},"end":{"line":64,"column":45}}],"line":64},"16":{"loc":{"start":{"line":65,"column":16},"end":{"line":67,"column":44}},"type":"binary-expr","locations":[{"start":{"line":65,"column":16},"end":{"line":65,"column":21}},{"start":{"line":65,"column":16},"end":{"line":67,"column":44}}],"line":65},"17":{"loc":{"start":{"line":71,"column":14},"end":{"line":71,"column":63}},"type":"binary-expr","locations":[{"start":{"line":71,"column":14},"end":{"line":71,"column":18}},{"start":{"line":71,"column":14},"end":{"line":71,"column":63}}],"line":71},"18":{"loc":{"start":{"line":72,"column":14},"end":{"line":72,"column":78}},"type":"binary-expr","locations":[{"start":{"line":72,"column":14},"end":{"line":72,"column":17}},{"start":{"line":72,"column":14},"end":{"line":72,"column":78}}],"line":72},"19":{"loc":{"start":{"line":81,"column":20},"end":{"line":81,"column":58}},"type":"binary-expr","locations":[{"start":{"line":81,"column":20},"end":{"line":81,"column":22}},{"start":{"line":81,"column":20},"end":{"line":81,"column":58}}],"line":81},"20":{"loc":{"start":{"line":81,"column":22},"end":{"line":81,"column":58}},"type":"cond-expr","locations":[{"start":{"line":81,"column":33},"end":{"line":81,"column":42}},{"start":{"line":81,"column":42},"end":{"line":81,"column":58}}],"line":81},"21":{"loc":{"start":{"line":83,"column":24},"end":{"line":89,"column":37}},"type":"cond-expr","locations":[{"start":{"line":83,"column":8},"end":{"line":85,"column":72}},{"start":{"line":87,"column":8},"end":{"line":89,"column":37}}],"line":83},"22":{"loc":{"start":{"line":84,"column":10},"end":{"line":84,"column":43}},"type":"binary-expr","locations":[{"start":{"line":84,"column":10},"end":{"line":84,"column":16}},{"start":{"line":84,"column":10},"end":{"line":84,"column":43}}],"line":84},"23":{"loc":{"start":{"line":89,"column":10},"end":{"line":89,"column":37}},"type":"binary-expr","locations":[{"start":{"line":89,"column":10},"end":{"line":89,"column":16}},{"start":{"line":89,"column":10},"end":{"line":89,"column":37}}],"line":89}},"s":{"0":13,"1":13,"2":104,"3":13,"4":3,"5":1,"6":2,"7":13,"8":8,"9":13,"10":2,"11":2,"12":2,"13":2,"14":2,"15":2,"16":2,"17":2,"18":2,"19":2,"20":2,"21":2,"22":2,"23":2,"24":2,"25":132,"26":120,"27":7},"f":{"0":104,"1":3,"2":8,"3":2,"4":120,"5":7},"b":{"0":[1,2],"1":[132,13],"2":[132,0],"3":[119,13],"4":[132,13],"5":[123],"6":[60,60],"7":[37,23],"8":[37,23],"9":[23,37],"10":[37],"11":[32,5],"12":[32,6],"13":[32,6],"14":[5,5],"15":[60,13],"16":[60,13],"17":[60,13],"18":[60,13],"19":[132,13],"20":[1,6],"21":[56,76],"22":[56,8],"23":[76,13]},"meta":{"lastBranch":0,"lastFunction":0,"lastStatement":0,"seen":{}}}
,"/home/jmromero/Documentos/proyectos/Impostor/frontend/src/components/Result.vue": {"path":"/home/jmromero/Documentos/proyectos/Impostor/frontend/src/components/Result.vue","statementMap":{"0":{"start":{"line":93,"column":16},"end":{"line":93,"column":80}},"1":{"start":{"line":93,"column":32},"end":{"line":93,"column":79}},"2":{"start":{"line":93,"column":58},"end":{"line":93,"column":78}},"3":{"start":{"line":94,"column":19},"end":{"line":94,"column":85}},"4":{"start":{"line":94,"column":35},"end":{"line":94,"column":84}},"5":{"start":{"line":94,"column":61},"end":{"line":94,"column":83}},"6":{"start":{"line":96,"column":28},"end":{"line":99,"column":1}},"7":{"start":{"line":97,"column":27},"end":{"line":97,"column":68}},"8":{"start":{"line":98,"column":2},"end":{"line":98,"column":null}},"9":{"start":{"line":2,"column":7},"end":{"line":2,"column":null}},"10":{"start":{"line":3,"column":9},"end":{"line":3,"column":null}},"11":{"start":{"line":4,"column":11},"end":{"line":4,"column":null}},"12":{"start":{"line":8,"column":11},"end":{"line":8,"column":null}},"13":{"start":{"line":14,"column":9},"end":{"line":14,"column":null}},"14":{"start":{"line":15,"column":11},"end":{"line":15,"column":null}},"15":{"start":{"line":16,"column":13},"end":{"line":16,"column":null}},"16":{"start":{"line":18,"column":16},"end":{"line":18,"column":59}},"17":{"start":{"line":22,"column":13},"end":{"line":22,"column":null}},"18":{"start":{"line":24,"column":16},"end":{"line":24,"column":58}},"19":{"start":{"line":29,"column":9},"end":{"line":29,"column":null}},"20":{"start":{"line":30,"column":11},"end":{"line":30,"column":null}},"21":{"start":{"line":33,"column":13},"end":{"line":33,"column":null}},"22":{"start":{"line":34,"column":15},"end":{"line":34,"column":null}},"23":{"start":{"line":37,"column":15},"end":{"line":37,"column":null}},"24":{"start":{"line":43,"column":18},"end":{"line":43,"column":46}},"25":{"start":{"line":51,"column":13},"end":{"line":51,"column":null}},"26":{"start":{"line":52,"column":15},"end":{"line":52,"column":null}},"27":{"start":{"line":55,"column":15},"end":{"line":55,"column":null}},"28":{"start":{"line":62,"column":18},"end":{"line":62,"column":46}},"29":{"start":{"line":71,"column":9},"end":{"line":71,"column":null}},"30":{"start":{"line":72,"column":11},"end":{"line":72,"column":null}},"31":{"start":{"line":2,"column":2},"end":{"line":75,"column":61}},"32":{"start":{"line":38,"column":12},"end":{"line":45,"column":57}},"33":{"start":{"line":56,"column":12},"end":{"line":63,"column":111}},"34":{"start":{"line":73,"column":24},"end":{"line":73,"column":43}}},"fnMap":{"0":{"name":"(anonymous_0)","decl":{"start":{"line":93,"column":26},"end":{"line":93,"column":27}},"loc":{"start":{"line":93,"column":32},"end":{"line":93,"column":79}},"line":93},"1":{"name":"(anonymous_1)","decl":{"start":{"line":93,"column":53},"end":{"line":93,"column":54}},"loc":{"start":{"line":93,"column":58},"end":{"line":93,"column":78}},"line":93},"2":{"name":"(anonymous_2)","decl":{"start":{"line":94,"column":29},"end":{"line":94,"column":30}},"loc":{"start":{"line":94,"column":35},"end":{"line":94,"column":84}},"line":94},"3":{"name":"(anonymous_3)","decl":{"start":{"line":94,"column":56},"end":{"line":94,"column":57}},"loc":{"start":{"line":94,"column":61},"end":{"line":94,"column":83}},"line":94},"4":{"name":"(anonymous_4)","decl":{"start":{"line":96,"column":28},"end":{"line":96,"column":29}},"loc":{"start":{"line":96,"column":42},"end":{"line":99,"column":1}},"line":96},"5":{"name":"(anonymous_5)","decl":{"start":{"line":38,"column":43},"end":{"line":38,"column":46}},"loc":{"start":{"line":38,"column":31},"end":{"line":45,"column":57}},"line":38},"6":{"name":"(anonymous_6)","decl":{"start":{"line":56,"column":43},"end":{"line":56,"column":46}},"loc":{"start":{"line":56,"column":28},"end":{"line":63,"column":111}},"line":56},"7":{"name":"(anonymous_7)","decl":{"start":{"line":73,"column":22},"end":{"line":73,"column":24}},"loc":{"start":{"line":73,"column":24},"end":{"line":73,"column":43}},"line":73}},"branchMap":{"0":{"loc":{"start":{"line":98,"column":9},"end":{"line":98,"column":60}},"type":"cond-expr","locations":[{"start":{"line":98,"column":33},"end":{"line":98,"column":53}},{"start":{"line":98,"column":56},"end":{"line":98,"column":60}}],"line":98},"1":{"loc":{"start":{"line":6,"column":13},"end":{"line":6,"column":null}},"type":"cond-expr","locations":[{"start":{"line":6,"column":25},"end":{"line":6,"column":null}},{"start":{"line":6,"column":25},"end":{"line":6,"column":null}}],"line":6},"2":{"loc":{"start":{"line":9,"column":13},"end":{"line":9,"column":null}},"type":"cond-expr","locations":[{"start":{"line":9,"column":25},"end":{"line":9,"column":null}},{"start":{"line":9,"column":25},"end":{"line":9,"column":null}}],"line":9},"3":{"loc":{"start":{"line":17,"column":10},"end":{"line":17,"column":56}},"type":"binary-expr","locations":[{"start":{"line":17,"column":10},"end":{"line":17,"column":16}},{"start":{"line":17,"column":10},"end":{"line":17,"column":56}}],"line":17},"4":{"loc":{"start":{"line":21,"column":32},"end":{"line":24,"column":78}},"type":"cond-expr","locations":[{"start":{"line":21,"column":6},"end":{"line":24,"column":78}}],"line":21},"5":{"loc":{"start":{"line":23,"column":10},"end":{"line":23,"column":54}},"type":"binary-expr","locations":[{"start":{"line":23,"column":10},"end":{"line":23,"column":16}},{"start":{"line":23,"column":10},"end":{"line":23,"column":54}}],"line":23},"6":{"loc":{"start":{"line":35,"column":15},"end":{"line":35,"column":null}},"type":"cond-expr","locations":[{"start":{"line":35,"column":27},"end":{"line":35,"column":null}}],"line":35},"7":{"loc":{"start":{"line":39,"column":76},"end":{"line":39,"column":null}},"type":"binary-expr","locations":[{"start":{"line":39,"column":76},"end":{"line":39,"column":97}},{"start":{"line":39,"column":97},"end":{"line":39,"column":null}}],"line":39},"8":{"loc":{"start":{"line":40,"column":27},"end":{"line":41,"column":109}},"type":"cond-expr","locations":[{"start":{"line":40,"column":16},"end":{"line":40,"column":116}},{"start":{"line":41,"column":16},"end":{"line":41,"column":109}}],"line":40},"9":{"loc":{"start":{"line":44,"column":26},"end":{"line":45,"column":57}},"type":"cond-expr","locations":[{"start":{"line":44,"column":14},"end":{"line":45,"column":57}}],"line":44},"10":{"loc":{"start":{"line":53,"column":15},"end":{"line":53,"column":null}},"type":"cond-expr","locations":[{"start":{"line":53,"column":27},"end":{"line":53,"column":null}}],"line":53},"11":{"loc":{"start":{"line":58,"column":43},"end":{"line":58,"column":null}},"type":"binary-expr","locations":[{"start":{"line":58,"column":43},"end":{"line":58,"column":61}},{"start":{"line":58,"column":61},"end":{"line":58,"column":null}}],"line":58},"12":{"loc":{"start":{"line":59,"column":27},"end":{"line":60,"column":106}},"type":"cond-expr","locations":[{"start":{"line":59,"column":16},"end":{"line":59,"column":110}},{"start":{"line":60,"column":16},"end":{"line":60,"column":106}}],"line":59},"13":{"loc":{"start":{"line":63,"column":26},"end":{"line":63,"column":111}},"type":"cond-expr","locations":[{"start":{"line":63,"column":14},"end":{"line":63,"column":111}}],"line":63},"14":{"loc":{"start":{"line":73,"column":22},"end":{"line":73,"column":43}},"type":"binary-expr","locations":[{"start":{"line":73,"column":22},"end":{"line":73,"column":24}},{"start":{"line":73,"column":22},"end":{"line":73,"column":43}}],"line":73},"15":{"loc":{"start":{"line":75,"column":10},"end":{"line":75,"column":61}},"type":"binary-expr","locations":[{"start":{"line":75,"column":10},"end":{"line":75,"column":16}},{"start":{"line":75,"column":10},"end":{"line":75,"column":61}}],"line":75}},"s":{"0":14,"1":117,"2":315,"3":14,"4":117,"5":315,"6":14,"7":16,"8":16,"9":2,"10":2,"11":2,"12":2,"13":2,"14":2,"15":2,"16":2,"17":2,"18":2,"19":2,"20":2,"21":2,"22":2,"23":2,"24":2,"25":2,"26":2,"27":2,"28":2,"29":2,"30":2,"31":161,"32":149,"33":298,"34":1},"f":{"0":117,"1":315,"2":117,"3":315,"4":16,"5":149,"6":298,"7":1},"b":{"0":[16,0],"1":[104,57],"2":[104,57],"3":[161,14],"4":[156],"5":[156,14],"6":[33],"7":[149,0],"8":[136,13],"9":[16],"10":[104],"11":[298,0],"12":[298,0],"13":[52],"14":[161,14],"15":[161,14]},"meta":{"lastBranch":0,"lastFunction":0,"lastStatement":0,"seen":{}}}
,"/home/jmromero/Documentos/proyectos/Impostor/frontend/src/components/Setup.vue": {"path":"/home/jmromero/Documentos/proyectos/Impostor/frontend/src/components/Setup.vue","statementMap":{"0":{"start":{"line":58,"column":19},"end":{"line":58,"column":37}},"1":{"start":{"line":59,"column":20},"end":{"line":59,"column":30}},"2":{"start":{"line":60,"column":20},"end":{"line":60,"column":30}},"3":{"start":{"line":61,"column":20},"end":{"line":61,"column":27}},"4":{"start":{"line":62,"column":20},"end":{"line":62,"column":31}},"5":{"start":{"line":64,"column":26},"end":{"line":64,"column":69}},"6":{"start":{"line":65,"column":18},"end":{"line":65,"column":29}},"7":{"start":{"line":68,"column":0},"end":{"line":87,"column":null}},"8":{"start":{"line":69,"column":21},"end":{"line":69,"column":66}},"9":{"start":{"line":70,"column":2},"end":{"line":79,"column":null}},"10":{"start":{"line":71,"column":4},"end":{"line":78,"column":null}},"11":{"start":{"line":72,"column":26},"end":{"line":72,"column":48}},"12":{"start":{"line":73,"column":6},"end":{"line":75,"column":null}},"13":{"start":{"line":74,"column":8},"end":{"line":74,"column":null}},"14":{"start":{"line":77,"column":6},"end":{"line":77,"column":null}},"15":{"start":{"line":82,"column":2},"end":{"line":86,"column":null}},"16":{"start":{"line":83,"column":4},"end":{"line":85,"column":null}},"17":{"start":{"line":84,"column":6},"end":{"line":84,"column":null}},"18":{"start":{"line":90,"column":0},"end":{"line":92,"column":null}},"19":{"start":{"line":91,"column":2},"end":{"line":91,"column":null}},"20":{"start":{"line":95,"column":0},"end":{"line":100,"column":null}},"21":{"start":{"line":95,"column":12},"end":{"line":95,"column":36}},"22":{"start":{"line":96,"column":22},"end":{"line":96,"column":35}},"23":{"start":{"line":97,"column":2},"end":{"line":99,"column":null}},"24":{"start":{"line":98,"column":4},"end":{"line":98,"column":null}},"25":{"start":{"line":102,"column":15},"end":{"line":104,"column":2}},"26":{"start":{"line":103,"column":2},"end":{"line":103,"column":null}},"27":{"start":{"line":103,"column":74},"end":{"line":103,"column":92}},"28":{"start":{"line":106,"column":14},"end":{"line":115,"column":1}},"29":{"start":{"line":107,"column":2},"end":{"line":114,"column":null}},"30":{"start":{"line":108,"column":4},"end":{"line":113,"column":null}},"31":{"start":{"line":108,"column":47},"end":{"line":108,"column":55}},"32":{"start":{"line":2,"column":7},"end":{"line":2,"column":null}},"33":{"start":{"line":3,"column":9},"end":{"line":3,"column":null}},"34":{"start":{"line":4,"column":11},"end":{"line":4,"column":null}},"35":{"start":{"line":5,"column":13},"end":{"line":5,"column":null}},"36":{"start":{"line":35,"column":11},"end":{"line":35,"column":null}},"37":{"start":{"line":37,"column":16},"end":{"line":37,"column":40}},"38":{"start":{"line":2,"column":2},"end":{"line":44,"column":66}},"39":{"start":{"line":9,"column":57},"end":{"line":9,"column":78}},"40":{"start":{"line":17,"column":30},"end":{"line":17,"column":null}},"41":{"start":{"line":18,"column":30},"end":{"line":18,"column":null}},"42":{"start":{"line":19,"column":30},"end":{"line":19,"column":null}},"43":{"start":{"line":25,"column":28},"end":{"line":25,"column":null}},"44":{"start":{"line":26,"column":36},"end":{"line":26,"column":null}},"45":{"start":{"line":31,"column":29},"end":{"line":31,"column":null}},"46":{"start":{"line":44,"column":42},"end":{"line":44,"column":66}}},"fnMap":{"0":{"name":"(anonymous_0)","decl":{"start":{"line":68,"column":10},"end":{"line":68,"column":11}},"loc":{"start":{"line":68,"column":16},"end":{"line":87,"column":1}},"line":68},"1":{"name":"(anonymous_1)","decl":{"start":{"line":83,"column":15},"end":{"line":83,"column":16}},"loc":{"start":{"line":83,"column":21},"end":{"line":85,"column":5}},"line":83},"2":{"name":"(anonymous_2)","decl":{"start":{"line":90,"column":19},"end":{"line":90,"column":20}},"loc":{"start":{"line":90,"column":33},"end":{"line":92,"column":1}},"line":90},"3":{"name":"(anonymous_3)","decl":{"start":{"line":95,"column":6},"end":{"line":95,"column":7}},"loc":{"start":{"line":95,"column":12},"end":{"line":95,"column":36}},"line":95},"4":{"name":"(anonymous_4)","decl":{"start":{"line":95,"column":38},"end":{"line":95,"column":39}},"loc":{"start":{"line":95,"column":53},"end":{"line":100,"column":1}},"line":95},"5":{"name":"(anonymous_5)","decl":{"start":{"line":102,"column":25},"end":{"line":102,"column":26}},"loc":{"start":{"line":102,"column":31},"end":{"line":104,"column":1}},"line":102},"6":{"name":"(anonymous_6)","decl":{"start":{"line":103,"column":66},"end":{"line":103,"column":70}},"loc":{"start":{"line":103,"column":74},"end":{"line":103,"column":92}},"line":103},"7":{"name":"(anonymous_7)","decl":{"start":{"line":106,"column":14},"end":{"line":106,"column":15}},"loc":{"start":{"line":106,"column":20},"end":{"line":115,"column":1}},"line":106},"8":{"name":"(anonymous_8)","decl":{"start":{"line":108,"column":42},"end":{"line":108,"column":43}},"loc":{"start":{"line":108,"column":47},"end":{"line":108,"column":55}},"line":108},"9":{"name":"(anonymous_9)","decl":{"start":{"line":9,"column":55},"end":{"line":9,"column":57}},"loc":{"start":{"line":9,"column":57},"end":{"line":9,"column":78}},"line":9},"10":{"name":"(anonymous_10)","decl":{"start":{"line":17,"column":30},"end":{"line":17,"column":42}},"loc":{"start":{"line":17,"column":30},"end":{"line":17,"column":null}},"line":17},"11":{"name":"(anonymous_11)","decl":{"start":{"line":18,"column":30},"end":{"line":18,"column":42}},"loc":{"start":{"line":18,"column":30},"end":{"line":18,"column":null}},"line":18},"12":{"name":"(anonymous_12)","decl":{"start":{"line":19,"column":30},"end":{"line":19,"column":42}},"loc":{"start":{"line":19,"column":30},"end":{"line":19,"column":null}},"line":19},"13":{"name":"(anonymous_13)","decl":{"start":{"line":25,"column":28},"end":{"line":25,"column":38}},"loc":{"start":{"line":25,"column":28},"end":{"line":25,"column":null}},"line":25},"14":{"name":"(anonymous_14)","decl":{"start":{"line":26,"column":36},"end":{"line":26,"column":54}},"loc":{"start":{"line":26,"column":36},"end":{"line":26,"column":null}},"line":26},"15":{"name":"(anonymous_15)","decl":{"start":{"line":31,"column":29},"end":{"line":31,"column":40}},"loc":{"start":{"line":31,"column":29},"end":{"line":31,"column":null}},"line":31},"16":{"name":"(anonymous_16)","decl":{"start":{"line":44,"column":40},"end":{"line":44,"column":42}},"loc":{"start":{"line":44,"column":42},"end":{"line":44,"column":66}},"line":44}},"branchMap":{"0":{"loc":{"start":{"line":70,"column":2},"end":{"line":79,"column":null}},"type":"if","locations":[{"start":{"line":70,"column":2},"end":{"line":79,"column":null}},{"start":{},"end":{}}],"line":70},"1":{"loc":{"start":{"line":73,"column":6},"end":{"line":75,"column":null}},"type":"if","locations":[{"start":{"line":73,"column":6},"end":{"line":75,"column":null}},{"start":{},"end":{}}],"line":73},"2":{"loc":{"start":{"line":73,"column":10},"end":{"line":73,"column":63}},"type":"binary-expr","locations":[{"start":{"line":73,"column":10},"end":{"line":73,"column":36}},{"start":{"line":73,"column":40},"end":{"line":73,"column":63}}],"line":73},"3":{"loc":{"start":{"line":82,"column":2},"end":{"line":86,"column":null}},"type":"if","locations":[{"start":{"line":82,"column":2},"end":{"line":86,"column":null}},{"start":{},"end":{}}],"line":82},"4":{"loc":{"start":{"line":97,"column":2},"end":{"line":99,"column":null}},"type":"if","locations":[{"start":{"line":97,"column":2},"end":{"line":99,"column":null}},{"start":{},"end":{}}],"line":97},"5":{"loc":{"start":{"line":103,"column":9},"end":{"line":103,"column":93}},"type":"binary-expr","locations":[{"start":{"line":103,"column":9},"end":{"line":103,"column":38}},{"start":{"line":103,"column":42},"end":{"line":103,"column":93}}],"line":103},"6":{"loc":{"start":{"line":107,"column":2},"end":{"line":114,"column":null}},"type":"if","locations":[{"start":{"line":107,"column":2},"end":{"line":114,"column":null}},{"start":{},"end":{}}],"line":107},"7":{"loc":{"start":{"line":6,"column":10},"end":{"line":7,"column":68}},"type":"binary-expr","locations":[{"start":{"line":6,"column":10},"end":{"line":6,"column":15}},{"start":{"line":6,"column":10},"end":{"line":7,"column":68}}],"line":6},"8":{"loc":{"start":{"line":9,"column":55},"end":{"line":9,"column":78}},"type":"binary-expr","locations":[{"start":{"line":9,"column":55},"end":{"line":9,"column":57}},{"start":{"line":9,"column":55},"end":{"line":9,"column":78}}],"line":9},"9":{"loc":{"start":{"line":17,"column":30},"end":{"line":17,"column":null}},"type":"binary-expr","locations":[{"start":{"line":17,"column":30},"end":{"line":17,"column":42}},{"start":{"line":17,"column":30},"end":{"line":17,"column":null}}],"line":17},"10":{"loc":{"start":{"line":18,"column":30},"end":{"line":18,"column":null}},"type":"binary-expr","locations":[{"start":{"line":18,"column":30},"end":{"line":18,"column":42}},{"start":{"line":18,"column":30},"end":{"line":18,"column":null}}],"line":18},"11":{"loc":{"start":{"line":19,"column":30},"end":{"line":19,"column":null}},"type":"binary-expr","locations":[{"start":{"line":19,"column":30},"end":{"line":19,"column":42}},{"start":{"line":19,"column":30},"end":{"line":19,"column":null}}],"line":19},"12":{"loc":{"start":{"line":25,"column":28},"end":{"line":25,"column":null}},"type":"binary-expr","locations":[{"start":{"line":25,"column":28},"end":{"line":25,"column":38}},{"start":{"line":25,"column":28},"end":{"line":25,"column":null}}],"line":25},"13":{"loc":{"start":{"line":26,"column":36},"end":{"line":26,"column":null}},"type":"binary-expr","locations":[{"start":{"line":26,"column":36},"end":{"line":26,"column":54}},{"start":{"line":26,"column":36},"end":{"line":26,"column":null}}],"line":26},"14":{"loc":{"start":{"line":31,"column":29},"end":{"line":31,"column":null}},"type":"binary-expr","locations":[{"start":{"line":31,"column":29},"end":{"line":31,"column":40}},{"start":{"line":31,"column":29},"end":{"line":31,"column":null}}],"line":31},"15":{"loc":{"start":{"line":37,"column":40},"end":{"line":37,"column":101}},"type":"cond-expr","locations":[{"start":{"line":37,"column":47},"end":{"line":37,"column":101}},{"start":{"line":37,"column":47},"end":{"line":37,"column":101}}],"line":37},"16":{"loc":{"start":{"line":44,"column":20},"end":{"line":44,"column":66}},"type":"cond-expr","locations":[{"start":{"line":44,"column":4},"end":{"line":44,"column":66}}],"line":44},"17":{"loc":{"start":{"line":44,"column":40},"end":{"line":44,"column":66}},"type":"binary-expr","locations":[{"start":{"line":44,"column":40},"end":{"line":44,"column":42}},{"start":{"line":44,"column":40},"end":{"line":44,"column":66}}],"line":44}},"s":{"0":20,"1":20,"2":20,"3":20,"4":20,"5":20,"6":20,"7":20,"8":20,"9":20,"10":3,"11":3,"12":3,"13":1,"14":1,"15":20,"16":18,"17":1,"18":20,"19":7,"20":20,"21":27,"22":2,"23":2,"24":1,"25":20,"26":27,"27":41,"28":20,"29":1,"30":1,"31":3,"32":2,"33":2,"34":2,"35":2,"36":2,"37":2,"38":31,"39":1,"40":0,"41":0,"42":0,"43":0,"44":0,"45":0,"46":0},"f":{"0":20,"1":1,"2":7,"3":27,"4":2,"5":27,"6":41,"7":1,"8":3,"9":1,"10":0,"11":0,"12":0,"13":0,"14":0,"15":0,"16":0},"b":{"0":[3,17],"1":[1,2],"2":[3,2],"3":[18,2],"4":[1,1],"5":[27,27],"6":[1,0],"7":[31,20],"8":[31,20],"9":[31,20],"10":[31,20],"11":[31,20],"12":[31,20],"13":[31,20],"14":[31,20],"15":[6,25],"16":[3],"17":[3,3]},"meta":{"lastBranch":0,"lastFunction":0,"lastStatement":0,"seen":{}}}
,"/home/jmromero/Documentos/proyectos/Impostor/frontend/src/components/Tutorial.vue": {"path":"/home/jmromero/Documentos/proyectos/Impostor/frontend/src/components/Tutorial.vue","statementMap":{"0":{"start":{"line":51,"column":13},"end":{"line":51,"column":35}},"1":{"start":{"line":53,"column":20},"end":{"line":53,"column":27}},"2":{"start":{"line":55,"column":15},"end":{"line":80,"column":1}},"3":{"start":{"line":82,"column":18},"end":{"line":84,"column":1}},"4":{"start":{"line":83,"column":4},"end":{"line":83,"column":null}},"5":{"start":{"line":86,"column":23},"end":{"line":89,"column":1}},"6":{"start":{"line":87,"column":4},"end":{"line":87,"column":null}},"7":{"start":{"line":88,"column":4},"end":{"line":88,"column":null}},"8":{"start":{"line":2,"column":9},"end":{"line":2,"column":null}},"9":{"start":{"line":3,"column":13},"end":{"line":3,"column":null}},"10":{"start":{"line":4,"column":17},"end":{"line":4,"column":null}},"11":{"start":{"line":5,"column":21},"end":{"line":5,"column":null}},"12":{"start":{"line":13,"column":24},"end":{"line":13,"column":64}},"13":{"start":{"line":14,"column":23},"end":{"line":14,"column":65}},"14":{"start":{"line":18,"column":21},"end":{"line":18,"column":null}},"15":{"start":{"line":2,"column":4},"end":{"line":35,"column":25}},"16":{"start":{"line":19,"column":20},"end":{"line":20,"column":72}}},"fnMap":{"0":{"name":"(anonymous_0)","decl":{"start":{"line":82,"column":18},"end":{"line":82,"column":19}},"loc":{"start":{"line":82,"column":24},"end":{"line":84,"column":1}},"line":82},"1":{"name":"(anonymous_1)","decl":{"start":{"line":86,"column":23},"end":{"line":86,"column":24}},"loc":{"start":{"line":86,"column":29},"end":{"line":89,"column":1}},"line":86},"2":{"name":"(anonymous_2)","decl":{"start":{"line":19,"column":50},"end":{"line":19,"column":53}},"loc":{"start":{"line":19,"column":39},"end":{"line":20,"column":72}},"line":19}},"branchMap":{"0":{"loc":{"start":{"line":24,"column":30},"end":{"line":30,"column":25}},"type":"cond-expr","locations":[{"start":{"line":24,"column":16},"end":{"line":27,"column":25}},{"start":{"line":28,"column":16},"end":{"line":30,"column":25}}],"line":24}},"s":{"0":8,"1":8,"2":8,"3":8,"4":11,"5":8,"6":2,"7":2,"8":3,"9":3,"10":3,"11":3,"12":3,"13":3,"14":3,"15":19,"16":76},"f":{"0":11,"1":2,"2":76},"b":{"0":[16,3]},"meta":{"lastBranch":0,"lastFunction":0,"lastStatement":0,"seen":{}}}
,"/home/jmromero/Documentos/proyectos/Impostor/frontend/src/components/Voting.vue": {"path":"/home/jmromero/Documentos/proyectos/Impostor/frontend/src/components/Voting.vue","statementMap":{"0":{"start":{"line":68,"column":21},"end":{"line":68,"column":104}},"1":{"start":{"line":68,"column":37},"end":{"line":68,"column":103}},"2":{"start":{"line":68,"column":63},"end":{"line":68,"column":102}},"3":{"start":{"line":2,"column":7},"end":{"line":2,"column":null}},"4":{"start":{"line":3,"column":9},"end":{"line":3,"column":null}},"5":{"start":{"line":4,"column":11},"end":{"line":4,"column":null}},"6":{"start":{"line":6,"column":11},"end":{"line":6,"column":81}},"7":{"start":{"line":15,"column":9},"end":{"line":15,"column":null}},"8":{"start":{"line":18,"column":15},"end":{"line":18,"column":null}},"9":{"start":{"line":23,"column":17},"end":{"line":23,"column":null}},"10":{"start":{"line":24,"column":18},"end":{"line":24,"column":42}},"11":{"start":{"line":37,"column":19},"end":{"line":37,"column":null}},"12":{"start":{"line":41,"column":23},"end":{"line":41,"column":null}},"13":{"start":{"line":47,"column":24},"end":{"line":47,"column":47}},"14":{"start":{"line":2,"column":2},"end":{"line":47,"column":68}},"15":{"start":{"line":16,"column":6},"end":{"line":47,"column":68}},"16":{"start":{"line":50,"column":18},"end":{"line":47,"column":68}},"17":{"start":{"line":38,"column":67},"end":{"line":38,"column":84}},"18":{"start":{"line":38,"column":16},"end":{"line":47,"column":68}},"19":{"start":{"line":40,"column":26},"end":{"line":40,"column":null}}},"fnMap":{"0":{"name":"(anonymous_0)","decl":{"start":{"line":68,"column":31},"end":{"line":68,"column":32}},"loc":{"start":{"line":68,"column":37},"end":{"line":68,"column":103}},"line":68},"1":{"name":"(anonymous_1)","decl":{"start":{"line":68,"column":58},"end":{"line":68,"column":59}},"loc":{"start":{"line":68,"column":63},"end":{"line":68,"column":102}},"line":68},"2":{"name":"(anonymous_2)","decl":{"start":{"line":16,"column":40},"end":{"line":16,"column":43}},"loc":{"start":{"line":16,"column":23},"end":{"line":47,"column":68}},"line":16},"3":{"name":"(anonymous_3)","decl":{"start":{"line":35,"column":12},"end":{"line":35,"column":24}},"loc":{"start":{"line":50,"column":18},"end":{"line":47,"column":68}},"line":50},"4":{"name":"(anonymous_4)","decl":{"start":{"line":38,"column":62},"end":{"line":38,"column":63}},"loc":{"start":{"line":38,"column":67},"end":{"line":38,"column":84}},"line":38},"5":{"name":"(anonymous_5)","decl":{"start":{"line":38,"column":84},"end":{"line":38,"column":88}},"loc":{"start":{"line":38,"column":37},"end":{"line":47,"column":68}},"line":38},"6":{"name":"(anonymous_6)","decl":{"start":{"line":40,"column":24},"end":{"line":40,"column":26}},"loc":{"start":{"line":40,"column":26},"end":{"line":40,"column":null}},"line":40}},"branchMap":{"0":{"loc":{"start":{"line":5,"column":8},"end":{"line":5,"column":55}},"type":"binary-expr","locations":[{"start":{"line":5,"column":8},"end":{"line":5,"column":12}},{"start":{"line":5,"column":8},"end":{"line":5,"column":55}}],"line":5},"1":{"loc":{"start":{"line":8,"column":19},"end":{"line":10,"column":116}},"type":"cond-expr","locations":[{"start":{"line":8,"column":8},"end":{"line":10,"column":116}}],"line":8},"2":{"loc":{"start":{"line":10,"column":61},"end":{"line":10,"column":116}},"type":"cond-expr","locations":[{"start":{"line":10,"column":91},"end":{"line":10,"column":116}},{"start":{"line":10,"column":91},"end":{"line":10,"column":116}}],"line":10},"3":{"loc":{"start":{"line":19,"column":70},"end":{"line":19,"column":null}},"type":"binary-expr","locations":[{"start":{"line":19,"column":70},"end":{"line":19,"column":89}},{"start":{"line":19,"column":89},"end":{"line":19,"column":null}}],"line":19},"4":{"loc":{"start":{"line":20,"column":25},"end":{"line":21,"column":96}},"type":"cond-expr","locations":[{"start":{"line":20,"column":14},"end":{"line":20,"column":108}},{"start":{"line":21,"column":14},"end":{"line":21,"column":96}}],"line":20},"5":{"loc":{"start":{"line":25,"column":49},"end":{"line":25,"column":null}},"type":"cond-expr","locations":[{"start":{"line":25,"column":63},"end":{"line":25,"column":null}},{"start":{"line":25,"column":63},"end":{"line":25,"column":null}}],"line":25},"6":{"loc":{"start":{"line":26,"column":19},"end":{"line":26,"column":null}},"type":"cond-expr","locations":[{"start":{"line":26,"column":33},"end":{"line":26,"column":null}},{"start":{"line":26,"column":33},"end":{"line":26,"column":null}}],"line":26},"7":{"loc":{"start":{"line":29,"column":42},"end":{"line":30,"column":66}},"type":"cond-expr","locations":[{"start":{"line":29,"column":12},"end":{"line":30,"column":66}}],"line":29},"8":{"loc":{"start":{"line":35,"column":24},"end":{"line":47,"column":68}},"type":"cond-expr","locations":[{"start":{"line":35,"column":12},"end":{"line":47,"column":68}}],"line":35},"9":{"loc":{"start":{"line":36,"column":14},"end":{"line":36,"column":66}},"type":"binary-expr","locations":[{"start":{"line":36,"column":14},"end":{"line":36,"column":17}},{"start":{"line":36,"column":14},"end":{"line":36,"column":66}}],"line":36},"10":{"loc":{"start":{"line":42,"column":79},"end":{"line":42,"column":null}},"type":"binary-expr","locations":[{"start":{"line":42,"column":79},"end":{"line":42,"column":99}},{"start":{"line":42,"column":99},"end":{"line":42,"column":null}}],"line":42},"11":{"loc":{"start":{"line":43,"column":33},"end":{"line":44,"column":111}},"type":"cond-expr","locations":[{"start":{"line":43,"column":22},"end":{"line":43,"column":117}},{"start":{"line":44,"column":22},"end":{"line":44,"column":111}}],"line":43}},"s":{"0":9,"1":53,"2":212,"3":2,"4":2,"5":2,"6":2,"7":2,"8":2,"9":2,"10":2,"11":2,"12":2,"13":2,"14":71,"15":268,"16":268,"17":1002,"18":742,"19":1},"f":{"0":53,"1":212,"2":268,"3":268,"4":1002,"5":742,"6":1},"b":{"0":[71,9],"1":[11],"2":[5,6],"3":[268,0],"4":[259,9],"5":[8,260],"6":[8,260],"7":[8],"8":[260],"9":[260,9],"10":[742,0],"11":[715,27]},"meta":{"lastBranch":0,"lastFunction":0,"lastStatement":0,"seen":{}}}
,"/home/jmromero/Documentos/proyectos/Impostor/frontend/src/components/WelcomeView.vue": {"path":"/home/jmromero/Documentos/proyectos/Impostor/frontend/src/components/WelcomeView.vue","statementMap":{"0":{"start":{"line":18,"column":19},"end":{"line":20,"column":1}},"1":{"start":{"line":19,"column":4},"end":{"line":19,"column":null}},"2":{"start":{"line":2,"column":4},"end":{"line":9,"column":22}}},"fnMap":{"0":{"name":"(anonymous_0)","decl":{"start":{"line":18,"column":19},"end":{"line":18,"column":20}},"loc":{"start":{"line":18,"column":25},"end":{"line":20,"column":1}},"line":18}},"branchMap":{},"s":{"0":3,"1":1,"2":3},"f":{"0":1},"b":{},"meta":{"lastBranch":0,"lastFunction":0,"lastStatement":0,"seen":{}}}
,"/home/jmromero/Documentos/proyectos/Impostor/frontend/src/components/setup/CategorySelection.vue": {"path":"/home/jmromero/Documentos/proyectos/Impostor/frontend/src/components/setup/CategorySelection.vue","statementMap":{"0":{"start":{"line":105,"column":14},"end":{"line":105,"column":null}},"1":{"start":{"line":110,"column":13},"end":{"line":110,"column":76}},"2":{"start":{"line":113,"column":20},"end":{"line":113,"column":31}},"3":{"start":{"line":114,"column":27},"end":{"line":114,"column":37}},"4":{"start":{"line":115,"column":23},"end":{"line":115,"column":31}},"5":{"start":{"line":116,"column":16},"end":{"line":116,"column":70}},"6":{"start":{"line":118,"column":23},"end":{"line":121,"column":2}},"7":{"start":{"line":119,"column":2},"end":{"line":120,"column":null}},"8":{"start":{"line":120,"column":31},"end":{"line":120,"column":61}},"9":{"start":{"line":123,"column":25},"end":{"line":123,"column":36}},"10":{"start":{"line":124,"column":24},"end":{"line":124,"column":34}},"11":{"start":{"line":126,"column":24},"end":{"line":128,"column":1}},"12":{"start":{"line":127,"column":2},"end":{"line":127,"column":null}},"13":{"start":{"line":130,"column":22},"end":{"line":134,"column":1}},"14":{"start":{"line":131,"column":2},"end":{"line":133,"column":null}},"15":{"start":{"line":132,"column":4},"end":{"line":132,"column":null}},"16":{"start":{"line":136,"column":28},"end":{"line":142,"column":1}},"17":{"start":{"line":137,"column":2},"end":{"line":141,"column":null}},"18":{"start":{"line":138,"column":4},"end":{"line":138,"column":null}},"19":{"start":{"line":140,"column":4},"end":{"line":140,"column":null}},"20":{"start":{"line":144,"column":23},"end":{"line":155,"column":1}},"21":{"start":{"line":145,"column":16},"end":{"line":145,"column":53}},"22":{"start":{"line":146,"column":23},"end":{"line":146,"column":52}},"23":{"start":{"line":147,"column":2},"end":{"line":153,"column":null}},"24":{"start":{"line":148,"column":4},"end":{"line":150,"column":null}},"25":{"start":{"line":149,"column":6},"end":{"line":149,"column":null}},"26":{"start":{"line":152,"column":4},"end":{"line":152,"column":null}},"27":{"start":{"line":154,"column":2},"end":{"line":154,"column":null}},"28":{"start":{"line":157,"column":24},"end":{"line":162,"column":1}},"29":{"start":{"line":158,"column":2},"end":{"line":158,"column":null}},"30":{"start":{"line":159,"column":2},"end":{"line":159,"column":null}},"31":{"start":{"line":160,"column":2},"end":{"line":160,"column":null}},"32":{"start":{"line":161,"column":2},"end":{"line":161,"column":null}},"33":{"start":{"line":164,"column":22},"end":{"line":178,"column":1}},"34":{"start":{"line":165,"column":2},"end":{"line":165,"column":null}},"35":{"start":{"line":166,"column":2},"end":{"line":166,"column":null}},"36":{"start":{"line":169,"column":18},"end":{"line":169,"column":42}},"37":{"start":{"line":170,"column":16},"end":{"line":170,"column":29}},"38":{"start":{"line":172,"column":2},"end":{"line":176,"column":null}},"39":{"start":{"line":173,"column":4},"end":{"line":173,"column":null}},"40":{"start":{"line":173,"column":37},"end":{"line":173,"column":45}},"41":{"start":{"line":175,"column":4},"end":{"line":175,"column":null}},"42":{"start":{"line":177,"column":2},"end":{"line":177,"column":null}},"43":{"start":{"line":180,"column":27},"end":{"line":213,"column":1}},"44":{"start":{"line":181,"column":21},"end":{"line":183,"column":61}},"45":{"start":{"line":182,"column":17},"end":{"line":182,"column":47}},"46":{"start":{"line":183,"column":15},"end":{"line":183,"column":59}},"47":{"start":{"line":185,"column":2},"end":{"line":212,"column":null}},"48":{"start":{"line":186,"column":20},"end":{"line":186,"column":48}},"49":{"start":{"line":189,"column":4},"end":{"line":198,"column":null}},"50":{"start":{"line":190,"column":6},"end":{"line":190,"column":null}},"51":{"start":{"line":192,"column":18},"end":{"line":192,"column":77}},"52":{"start":{"line":193,"column":6},"end":{"line":197,"column":null}},"53":{"start":{"line":194,"column":30},"end":{"line":194,"column":59}},"54":{"start":{"line":195,"column":9},"end":{"line":195,"column":null}},"55":{"start":{"line":196,"column":9},"end":{"line":196,"column":null}},"56":{"start":{"line":200,"column":4},"end":{"line":200,"column":null}},"57":{"start":{"line":203,"column":4},"end":{"line":207,"column":null}},"58":{"start":{"line":204,"column":30},"end":{"line":204,"column":59}},"59":{"start":{"line":205,"column":9},"end":{"line":205,"column":null}},"60":{"start":{"line":206,"column":9},"end":{"line":206,"column":null}},"61":{"start":{"line":210,"column":4},"end":{"line":210,"column":22}},"62":{"start":{"line":211,"column":4},"end":{"line":211,"column":null}},"63":{"start":{"line":215,"column":30},"end":{"line":218,"column":1}},"64":{"start":{"line":216,"column":2},"end":{"line":216,"column":null}},"65":{"start":{"line":217,"column":2},"end":{"line":217,"column":null}},"66":{"start":{"line":220,"column":22},"end":{"line":241,"column":1}},"67":{"start":{"line":221,"column":15},"end":{"line":221,"column":37}},"68":{"start":{"line":222,"column":2},"end":{"line":222,"column":null}},"69":{"start":{"line":222,"column":13},"end":{"line":222,"column":null}},"70":{"start":{"line":224,"column":2},"end":{"line":224,"column":null}},"71":{"start":{"line":227,"column":18},"end":{"line":227,"column":42}},"72":{"start":{"line":228,"column":2},"end":{"line":235,"column":null}},"73":{"start":{"line":229,"column":16},"end":{"line":229,"column":54}},"74":{"start":{"line":230,"column":4},"end":{"line":234,"column":null}},"75":{"start":{"line":231,"column":30},"end":{"line":231,"column":59}},"76":{"start":{"line":232,"column":9},"end":{"line":232,"column":null}},"77":{"start":{"line":233,"column":9},"end":{"line":233,"column":null}},"78":{"start":{"line":238,"column":2},"end":{"line":238,"column":null}},"79":{"start":{"line":239,"column":2},"end":{"line":239,"column":null}},"80":{"start":{"line":240,"column":2},"end":{"line":240,"column":null}},"81":{"start":{"line":2,"column":7},"end":{"line":2,"column":null}},"82":{"start":{"line":3,"column":9},"end":{"line":3,"column":null}},"83":{"start":{"line":4,"column":11},"end":{"line":4,"column":null}},"84":{"start":{"line":6,"column":13},"end":{"line":6,"column":null}},"85":{"start":{"line":7,"column":16},"end":{"line":7,"column":52}},"86":{"start":{"line":8,"column":15},"end":{"line":8,"column":null}},"87":{"start":{"line":15,"column":11},"end":{"line":15,"column":null}},"88":{"start":{"line":39,"column":9},"end":{"line":39,"column":null}},"89":{"start":{"line":40,"column":10},"end":{"line":40,"column":33}},"90":{"start":{"line":45,"column":11},"end":{"line":45,"column":null}},"91":{"start":{"line":59,"column":11},"end":{"line":59,"column":null}},"92":{"start":{"line":73,"column":9},"end":{"line":73,"column":null}},"93":{"start":{"line":74,"column":11},"end":{"line":74,"column":null}},"94":{"start":{"line":78,"column":9},"end":{"line":78,"column":36}},"95":{"start":{"line":81,"column":11},"end":{"line":81,"column":null}},"96":{"start":{"line":9,"column":106},"end":{"line":9,"column":157}},"97":{"start":{"line":17,"column":8},"end":{"line":25,"column":113}},"98":{"start":{"line":22,"column":21},"end":{"line":22,"column":null}},"99":{"start":{"line":42,"column":22},"end":{"line":42,"column":39}},"100":{"start":{"line":46,"column":8},"end":{"line":51,"column":60}},"101":{"start":{"line":47,"column":26},"end":{"line":47,"column":37}},"102":{"start":{"line":49,"column":26},"end":{"line":49,"column":37}},"103":{"start":{"line":50,"column":26},"end":{"line":50,"column":46}},"104":{"start":{"line":60,"column":24},"end":{"line":60,"column":46}},"105":{"start":{"line":62,"column":18},"end":{"line":62,"column":62}},"106":{"start":{"line":82,"column":24},"end":{"line":82,"column":51}}},"fnMap":{"0":{"name":"(anonymous_0)","decl":{"start":{"line":118,"column":33},"end":{"line":118,"column":34}},"loc":{"start":{"line":118,"column":39},"end":{"line":121,"column":1}},"line":118},"1":{"name":"(anonymous_1)","decl":{"start":{"line":120,"column":26},"end":{"line":120,"column":27}},"loc":{"start":{"line":120,"column":31},"end":{"line":120,"column":61}},"line":120},"2":{"name":"(anonymous_2)","decl":{"start":{"line":126,"column":24},"end":{"line":126,"column":25}},"loc":{"start":{"line":126,"column":30},"end":{"line":128,"column":1}},"line":126},"3":{"name":"(anonymous_3)","decl":{"start":{"line":130,"column":22},"end":{"line":130,"column":23}},"loc":{"start":{"line":130,"column":31},"end":{"line":134,"column":1}},"line":130},"4":{"name":"(anonymous_4)","decl":{"start":{"line":136,"column":28},"end":{"line":136,"column":29}},"loc":{"start":{"line":136,"column":37},"end":{"line":142,"column":1}},"line":136},"5":{"name":"(anonymous_5)","decl":{"start":{"line":144,"column":23},"end":{"line":144,"column":24}},"loc":{"start":{"line":144,"column":32},"end":{"line":155,"column":1}},"line":144},"6":{"name":"(anonymous_6)","decl":{"start":{"line":157,"column":24},"end":{"line":157,"column":25}},"loc":{"start":{"line":157,"column":30},"end":{"line":162,"column":1}},"line":157},"7":{"name":"(anonymous_7)","decl":{"start":{"line":164,"column":22},"end":{"line":164,"column":23}},"loc":{"start":{"line":164,"column":32},"end":{"line":178,"column":1}},"line":164},"8":{"name":"(anonymous_8)","decl":{"start":{"line":173,"column":31},"end":{"line":173,"column":32}},"loc":{"start":{"line":173,"column":37},"end":{"line":173,"column":45}},"line":173},"9":{"name":"(anonymous_9)","decl":{"start":{"line":180,"column":27},"end":{"line":180,"column":28}},"loc":{"start":{"line":180,"column":33},"end":{"line":213,"column":1}},"line":180},"10":{"name":"(anonymous_10)","decl":{"start":{"line":182,"column":12},"end":{"line":182,"column":13}},"loc":{"start":{"line":182,"column":17},"end":{"line":182,"column":47}},"line":182},"11":{"name":"(anonymous_11)","decl":{"start":{"line":183,"column":9},"end":{"line":183,"column":10}},"loc":{"start":{"line":183,"column":15},"end":{"line":183,"column":59}},"line":183},"12":{"name":"(anonymous_12)","decl":{"start":{"line":215,"column":30},"end":{"line":215,"column":31}},"loc":{"start":{"line":215,"column":40},"end":{"line":218,"column":1}},"line":215},"13":{"name":"(anonymous_13)","decl":{"start":{"line":220,"column":22},"end":{"line":220,"column":23}},"loc":{"start":{"line":220,"column":28},"end":{"line":241,"column":1}},"line":220},"14":{"name":"(anonymous_14)","decl":{"start":{"line":9,"column":104},"end":{"line":9,"column":106}},"loc":{"start":{"line":9,"column":106},"end":{"line":9,"column":157}},"line":9},"15":{"name":"(anonymous_15)","decl":{"start":{"line":17,"column":64},"end":{"line":17,"column":70}},"loc":{"start":{"line":17,"column":26},"end":{"line":25,"column":113}},"line":17},"16":{"name":"(anonymous_16)","decl":{"start":{"line":22,"column":19},"end":{"line":22,"column":21}},"loc":{"start":{"line":22,"column":21},"end":{"line":22,"column":null}},"line":22},"17":{"name":"(anonymous_17)","decl":{"start":{"line":42,"column":22},"end":{"line":42,"column":37}},"loc":{"start":{"line":42,"column":22},"end":{"line":42,"column":39}},"line":42},"18":{"name":"(anonymous_18)","decl":{"start":{"line":46,"column":43},"end":{"line":46,"column":46}},"loc":{"start":{"line":46,"column":30},"end":{"line":51,"column":60}},"line":46},"19":{"name":"(anonymous_19)","decl":{"start":{"line":47,"column":26},"end":{"line":47,"column":30}},"loc":{"start":{"line":47,"column":26},"end":{"line":47,"column":37}},"line":47},"20":{"name":"(anonymous_20)","decl":{"start":{"line":49,"column":26},"end":{"line":49,"column":30}},"loc":{"start":{"line":49,"column":26},"end":{"line":49,"column":37}},"line":49},"21":{"name":"(anonymous_21)","decl":{"start":{"line":50,"column":24},"end":{"line":50,"column":26}},"loc":{"start":{"line":50,"column":26},"end":{"line":50,"column":46}},"line":50},"22":{"name":"(anonymous_22)","decl":{"start":{"line":60,"column":22},"end":{"line":60,"column":24}},"loc":{"start":{"line":60,"column":24},"end":{"line":60,"column":46}},"line":60},"23":{"name":"(anonymous_23)","decl":{"start":{"line":62,"column":16},"end":{"line":62,"column":18}},"loc":{"start":{"line":62,"column":18},"end":{"line":62,"column":62}},"line":62},"24":{"name":"(anonymous_24)","decl":{"start":{"line":82,"column":22},"end":{"line":82,"column":24}},"loc":{"start":{"line":82,"column":24},"end":{"line":82,"column":51}},"line":82}},"branchMap":{"0":{"loc":{"start":{"line":119,"column":9},"end":{"line":120,"column":74}},"type":"binary-expr","locations":[{"start":{"line":119,"column":9},"end":{"line":119,"column":48}},{"start":{"line":120,"column":4},"end":{"line":120,"column":74}}],"line":119},"1":{"loc":{"start":{"line":120,"column":31},"end":{"line":120,"column":61}},"type":"binary-expr","locations":[{"start":{"line":120,"column":31},"end":{"line":120,"column":44}},{"start":{"line":120,"column":48},"end":{"line":120,"column":61}}],"line":120},"2":{"loc":{"start":{"line":131,"column":2},"end":{"line":133,"column":null}},"type":"if","locations":[{"start":{"line":131,"column":2},"end":{"line":133,"column":null}},{"start":{},"end":{}}],"line":131},"3":{"loc":{"start":{"line":137,"column":2},"end":{"line":141,"column":null}},"type":"if","locations":[{"start":{"line":137,"column":2},"end":{"line":141,"column":null}},{"start":{"line":139,"column":9},"end":{"line":141,"column":null}}],"line":137},"4":{"loc":{"start":{"line":147,"column":2},"end":{"line":153,"column":null}},"type":"if","locations":[{"start":{"line":147,"column":2},"end":{"line":153,"column":null}},{"start":{"line":151,"column":9},"end":{"line":153,"column":null}}],"line":147},"5":{"loc":{"start":{"line":148,"column":4},"end":{"line":150,"column":null}},"type":"if","locations":[{"start":{"line":148,"column":4},"end":{"line":150,"column":null}},{"start":{},"end":{}}],"line":148},"6":{"loc":{"start":{"line":172,"column":2},"end":{"line":176,"column":null}},"type":"if","locations":[{"start":{"line":172,"column":2},"end":{"line":176,"column":null}},{"start":{"line":174,"column":9},"end":{"line":176,"column":null}}],"line":172},"7":{"loc":{"start":{"line":182,"column":17},"end":{"line":182,"column":47}},"type":"binary-expr","locations":[{"start":{"line":182,"column":17},"end":{"line":182,"column":30}},{"start":{"line":182,"column":34},"end":{"line":182,"column":47}}],"line":182},"8":{"loc":{"start":{"line":185,"column":2},"end":{"line":212,"column":null}},"type":"if","locations":[{"start":{"line":185,"column":2},"end":{"line":212,"column":null}},{"start":{},"end":{}}],"line":185},"9":{"loc":{"start":{"line":185,"column":6},"end":{"line":185,"column":60}},"type":"binary-expr","locations":[{"start":{"line":185,"column":6},"end":{"line":185,"column":34}},{"start":{"line":185,"column":38},"end":{"line":185,"column":60}}],"line":185},"10":{"loc":{"start":{"line":189,"column":4},"end":{"line":198,"column":null}},"type":"if","locations":[{"start":{"line":189,"column":4},"end":{"line":198,"column":null}},{"start":{},"end":{}}],"line":189},"11":{"loc":{"start":{"line":189,"column":8},"end":{"line":189,"column":74}},"type":"binary-expr","locations":[{"start":{"line":189,"column":8},"end":{"line":189,"column":33}},{"start":{"line":189,"column":37},"end":{"line":189,"column":74}}],"line":189},"12":{"loc":{"start":{"line":193,"column":6},"end":{"line":197,"column":null}},"type":"if","locations":[{"start":{"line":193,"column":6},"end":{"line":197,"column":null}},{"start":{},"end":{}}],"line":193},"13":{"loc":{"start":{"line":203,"column":4},"end":{"line":207,"column":null}},"type":"if","locations":[{"start":{"line":203,"column":4},"end":{"line":207,"column":null}},{"start":{},"end":{}}],"line":203},"14":{"loc":{"start":{"line":222,"column":2},"end":{"line":222,"column":null}},"type":"if","locations":[{"start":{"line":222,"column":2},"end":{"line":222,"column":null}},{"start":{},"end":{}}],"line":222},"15":{"loc":{"start":{"line":228,"column":2},"end":{"line":235,"column":null}},"type":"if","locations":[{"start":{"line":228,"column":2},"end":{"line":235,"column":null}},{"start":{},"end":{}}],"line":228},"16":{"loc":{"start":{"line":230,"column":4},"end":{"line":234,"column":null}},"type":"if","locations":[{"start":{"line":230,"column":4},"end":{"line":234,"column":null}},{"start":{},"end":{}}],"line":230},"17":{"loc":{"start":{"line":5,"column":8},"end":{"line":5,"column":53}},"type":"binary-expr","locations":[{"start":{"line":5,"column":8},"end":{"line":5,"column":12}},{"start":{"line":5,"column":8},"end":{"line":5,"column":53}}],"line":5},"18":{"loc":{"start":{"line":7,"column":52},"end":{"line":7,"column":104}},"type":"cond-expr","locations":[{"start":{"line":7,"column":62},"end":{"line":7,"column":104}},{"start":{"line":7,"column":62},"end":{"line":7,"column":104}}],"line":7},"19":{"loc":{"start":{"line":9,"column":104},"end":{"line":9,"column":157}},"type":"binary-expr","locations":[{"start":{"line":9,"column":104},"end":{"line":9,"column":106}},{"start":{"line":9,"column":104},"end":{"line":9,"column":157}}],"line":9},"20":{"loc":{"start":{"line":18,"column":42},"end":{"line":18,"column":89}},"type":"binary-expr","locations":[{"start":{"line":18,"column":42},"end":{"line":18,"column":79}},{"start":{"line":18,"column":73},"end":{"line":18,"column":89}}],"line":18},"21":{"loc":{"start":{"line":24,"column":26},"end":{"line":25,"column":113}},"type":"cond-expr","locations":[{"start":{"line":24,"column":10},"end":{"line":24,"column":99}},{"start":{"line":25,"column":31},"end":{"line":25,"column":113}}],"line":24},"22":{"loc":{"start":{"line":25,"column":31},"end":{"line":25,"column":113}},"type":"cond-expr","locations":[{"start":{"line":25,"column":10},"end":{"line":25,"column":113}}],"line":25},"23":{"loc":{"start":{"line":30,"column":69},"end":{"line":32,"column":17}},"type":"binary-expr","locations":[{"start":{"line":30,"column":69},"end":{"line":30,"column":null}},{"start":{"line":30,"column":69},"end":{"line":32,"column":17}}],"line":30},"24":{"loc":{"start":{"line":38,"column":13},"end":{"line":66,"column":55}},"type":"cond-expr","locations":[{"start":{"line":38,"column":2},"end":{"line":66,"column":55}}],"line":38},"25":{"loc":{"start":{"line":40,"column":33},"end":{"line":40,"column":91}},"type":"cond-expr","locations":[{"start":{"line":40,"column":52},"end":{"line":40,"column":91}},{"start":{"line":40,"column":52},"end":{"line":40,"column":91}}],"line":40},"26":{"loc":{"start":{"line":42,"column":22},"end":{"line":42,"column":39}},"type":"binary-expr","locations":[{"start":{"line":42,"column":22},"end":{"line":42,"column":37}},{"start":{"line":42,"column":22},"end":{"line":42,"column":39}}],"line":42},"27":{"loc":{"start":{"line":60,"column":22},"end":{"line":60,"column":46}},"type":"binary-expr","locations":[{"start":{"line":60,"column":22},"end":{"line":60,"column":24}},{"start":{"line":60,"column":22},"end":{"line":60,"column":46}}],"line":60},"28":{"loc":{"start":{"line":61,"column":22},"end":{"line":63,"column":52}},"type":"cond-expr","locations":[{"start":{"line":61,"column":8},"end":{"line":63,"column":52}}],"line":61},"29":{"loc":{"start":{"line":61,"column":22},"end":{"line":61,"column":null}},"type":"binary-expr","locations":[{"start":{"line":61,"column":22},"end":{"line":61,"column":41}},{"start":{"line":61,"column":45},"end":{"line":61,"column":null}}],"line":61},"30":{"loc":{"start":{"line":62,"column":16},"end":{"line":62,"column":62}},"type":"binary-expr","locations":[{"start":{"line":62,"column":16},"end":{"line":62,"column":18}},{"start":{"line":62,"column":16},"end":{"line":62,"column":62}}],"line":62},"31":{"loc":{"start":{"line":72,"column":13},"end":{"line":87,"column":17}},"type":"cond-expr","locations":[{"start":{"line":72,"column":2},"end":{"line":87,"column":17}}],"line":72},"32":{"loc":{"start":{"line":77,"column":6},"end":{"line":77,"column":50}},"type":"binary-expr","locations":[{"start":{"line":77,"column":6},"end":{"line":77,"column":10}},{"start":{"line":77,"column":6},"end":{"line":77,"column":50}}],"line":77},"33":{"loc":{"start":{"line":82,"column":22},"end":{"line":82,"column":51}},"type":"binary-expr","locations":[{"start":{"line":82,"column":22},"end":{"line":82,"column":24}},{"start":{"line":82,"column":22},"end":{"line":82,"column":51}}],"line":82}},"s":{"0":24,"1":24,"2":24,"3":24,"4":24,"5":24,"6":24,"7":18,"8":74,"9":24,"10":24,"11":24,"12":2,"13":24,"14":2,"15":1,"16":24,"17":8,"18":5,"19":3,"20":24,"21":3,"22":3,"23":3,"24":2,"25":1,"26":1,"27":3,"28":24,"29":9,"30":9,"31":9,"32":9,"33":24,"34":5,"35":5,"36":5,"37":5,"38":5,"39":5,"40":62,"41":0,"42":5,"43":24,"44":2,"45":4,"46":4,"47":2,"48":2,"49":2,"50":1,"51":1,"52":1,"53":1,"54":1,"55":1,"56":2,"57":2,"58":2,"59":2,"60":2,"61":2,"62":2,"63":24,"64":2,"65":2,"66":24,"67":2,"68":2,"69":1,"70":1,"71":1,"72":1,"73":1,"74":1,"75":1,"76":1,"77":1,"78":1,"79":1,"80":1,"81":3,"82":3,"83":3,"84":3,"85":3,"86":3,"87":3,"88":3,"89":3,"90":3,"91":3,"92":3,"93":3,"94":3,"95":3,"96":1,"97":2923,"98":8,"99":2,"100":1758,"101":2,"102":2,"103":2,"104":1,"105":2,"106":1},"f":{"0":18,"1":74,"2":2,"3":2,"4":8,"5":3,"6":9,"7":5,"8":62,"9":2,"10":4,"11":4,"12":2,"13":2,"14":1,"15":2923,"16":8,"17":2,"18":1758,"19":2,"20":2,"21":2,"22":1,"23":2,"24":1},"b":{"0":[18,11],"1":[74,70],"2":[1,1],"3":[5,3],"4":[2,1],"5":[1,1],"6":[5,0],"7":[4,4],"8":[2,0],"9":[2,2],"10":[1,1],"11":[2,1],"12":[1,0],"13":[2,0],"14":[1,1],"15":[1,0],"16":[1,0],"17":[458,24],"18":[105,353],"19":[458,24],"20":[2923,870],"21":[684,2239],"22":[678],"23":[458,24],"24":[190],"25":[61,129],"26":[190,12],"27":[190,12],"28":[8],"29":[190,61],"30":[8,4],"31":[2],"32":[2,2],"33":[2,2]},"meta":{"lastBranch":0,"lastFunction":0,"lastStatement":0,"seen":{}}}
,"/home/jmromero/Documentos/proyectos/Impostor/frontend/src/components/setup/GameConfig.vue": {"path":"/home/jmromero/Documentos/proyectos/Impostor/frontend/src/components/setup/GameConfig.vue","statementMap":{"0":{"start":{"line":64,"column":14},"end":{"line":64,"column":null}},"1":{"start":{"line":71,"column":13},"end":{"line":71,"column":95}},"2":{"start":{"line":73,"column":26},"end":{"line":77,"column":1}},"3":{"start":{"line":74,"column":2},"end":{"line":76,"column":null}},"4":{"start":{"line":75,"column":4},"end":{"line":75,"column":null}},"5":{"start":{"line":79,"column":26},"end":{"line":83,"column":1}},"6":{"start":{"line":80,"column":2},"end":{"line":82,"column":null}},"7":{"start":{"line":81,"column":4},"end":{"line":81,"column":null}},"8":{"start":{"line":2,"column":7},"end":{"line":2,"column":null}},"9":{"start":{"line":3,"column":9},"end":{"line":3,"column":null}},"10":{"start":{"line":4,"column":11},"end":{"line":4,"column":null}},"11":{"start":{"line":5,"column":13},"end":{"line":5,"column":null}},"12":{"start":{"line":8,"column":17},"end":{"line":8,"column":null}},"13":{"start":{"line":10,"column":20},"end":{"line":10,"column":45}},"14":{"start":{"line":15,"column":13},"end":{"line":15,"column":null}},"15":{"start":{"line":18,"column":17},"end":{"line":18,"column":null}},"16":{"start":{"line":20,"column":20},"end":{"line":20,"column":45}},"17":{"start":{"line":25,"column":13},"end":{"line":25,"column":null}},"18":{"start":{"line":26,"column":15},"end":{"line":26,"column":null}},"19":{"start":{"line":27,"column":17},"end":{"line":27,"column":null}},"20":{"start":{"line":28,"column":19},"end":{"line":28,"column":null}},"21":{"start":{"line":29,"column":21},"end":{"line":29,"column":null}},"22":{"start":{"line":37,"column":20},"end":{"line":37,"column":51}},"23":{"start":{"line":40,"column":17},"end":{"line":40,"column":null}},"24":{"start":{"line":2,"column":2},"end":{"line":50,"column":62}},"25":{"start":{"line":7,"column":20},"end":{"line":7,"column":null}},"26":{"start":{"line":17,"column":20},"end":{"line":17,"column":null}}},"fnMap":{"0":{"name":"(anonymous_0)","decl":{"start":{"line":73,"column":26},"end":{"line":73,"column":27}},"loc":{"start":{"line":73,"column":32},"end":{"line":77,"column":1}},"line":73},"1":{"name":"(anonymous_1)","decl":{"start":{"line":79,"column":26},"end":{"line":79,"column":27}},"loc":{"start":{"line":79,"column":32},"end":{"line":83,"column":1}},"line":79},"2":{"name":"(anonymous_2)","decl":{"start":{"line":7,"column":18},"end":{"line":7,"column":20}},"loc":{"start":{"line":7,"column":20},"end":{"line":7,"column":null}},"line":7},"3":{"name":"(anonymous_3)","decl":{"start":{"line":17,"column":18},"end":{"line":17,"column":20}},"loc":{"start":{"line":17,"column":20},"end":{"line":17,"column":null}},"line":17}},"branchMap":{"0":{"loc":{"start":{"line":74,"column":2},"end":{"line":76,"column":null}},"type":"if","locations":[{"start":{"line":74,"column":2},"end":{"line":76,"column":null}},{"start":{},"end":{}}],"line":74},"1":{"loc":{"start":{"line":80,"column":2},"end":{"line":82,"column":null}},"type":"if","locations":[{"start":{"line":80,"column":2},"end":{"line":82,"column":null}},{"start":{},"end":{}}],"line":80},"2":{"loc":{"start":{"line":7,"column":18},"end":{"line":7,"column":null}},"
[...]
:{"line":607,"column":43}},"51":{"start":{"line":608,"column":6},"end":{"line":608,"column":null}},"52":{"start":{"line":614,"column":19},"end":{"line":614,"column":20}},"53":{"start":{"line":615,"column":22},"end":{"line":615,"column":26}},"54":{"start":{"line":616,"column":14},"end":{"line":616,"column":19}},"55":{"start":{"line":618,"column":4},"end":{"line":630,"column":null}},"56":{"start":{"line":619,"column":28},"end":{"line":619,"column":40}},"57":{"start":{"line":621,"column":6},"end":{"line":621,"column":null}},"58":{"start":{"line":621,"column":59},"end":{"line":621,"column":null}},"59":{"start":{"line":623,"column":6},"end":{"line":629,"column":null}},"60":{"start":{"line":624,"column":8},"end":{"line":624,"column":null}},"61":{"start":{"line":625,"column":8},"end":{"line":625,"column":null}},"62":{"start":{"line":626,"column":8},"end":{"line":626,"column":null}},"63":{"start":{"line":627,"column":13},"end":{"line":629,"column":null}},"64":{"start":{"line":628,"column":8},"end":{"line":628,"column":null}},"65":{"start":{"line":633,"column":4},"end":{"line":637,"column":null}},"66":{"start":{"line":634,"column":6},"end":{"line":634,"column":null}},"67":{"start":{"line":635,"column":6},"end":{"line":635,"column":null}},"68":{"start":{"line":636,"column":6},"end":{"line":636,"column":null}},"69":{"start":{"line":640,"column":29},"end":{"line":640,"column":74}},"70":{"start":{"line":640,"column":53},"end":{"line":640,"column":73}},"71":{"start":{"line":641,"column":4},"end":{"line":641,"column":null}},"72":{"start":{"line":642,"column":4},"end":{"line":642,"column":null}},"73":{"start":{"line":645,"column":26},"end":{"line":645,"column":92}},"74":{"start":{"line":645,"column":52},"end":{"line":645,"column":91}},"75":{"start":{"line":646,"column":25},"end":{"line":646,"column":74}},"76":{"start":{"line":646,"column":51},"end":{"line":646,"column":73}},"77":{"start":{"line":647,"column":27},"end":{"line":647,"column":74}},"78":{"start":{"line":647,"column":53},"end":{"line":647,"column":73}},"79":{"start":{"line":650,"column":4},"end":{"line":654,"column":null}},"80":{"start":{"line":651,"column":6},"end":{"line":651,"column":null}},"81":{"start":{"line":652,"column":6},"end":{"line":652,"column":null}},"82":{"start":{"line":653,"column":6},"end":{"line":653,"column":null}},"83":{"start":{"line":657,"column":4},"end":{"line":661,"column":null}},"84":{"start":{"line":658,"column":6},"end":{"line":658,"column":null}},"85":{"start":{"line":659,"column":6},"end":{"line":659,"column":null}},"86":{"start":{"line":660,"column":6},"end":{"line":660,"column":null}},"87":{"start":{"line":675,"column":4},"end":{"line":675,"column":null}},"88":{"start":{"line":679,"column":4},"end":{"line":679,"column":null}},"89":{"start":{"line":680,"column":4},"end":{"line":680,"column":null}},"90":{"start":{"line":683,"column":4},"end":{"line":687,"column":null}},"91":{"start":{"line":684,"column":6},"end":{"line":686,"column":null}},"92":{"start":{"line":685,"column":8},"end":{"line":685,"column":null}},"93":{"start":{"line":689,"column":4},"end":{"line":689,"column":null}},"94":{"start":{"line":694,"column":4},"end":{"line":694,"column":null}},"95":{"start":{"line":698,"column":4},"end":{"line":698,"column":null}},"96":{"start":{"line":699,"column":4},"end":{"line":699,"column":null}},"97":{"start":{"line":700,"column":4},"end":{"line":700,"column":null}},"98":{"start":{"line":701,"column":4},"end":{"line":701,"column":null}},"99":{"start":{"line":702,"column":4},"end":{"line":702,"column":null}},"100":{"start":{"line":703,"column":4},"end":{"line":703,"column":null}},"101":{"start":{"line":704,"column":4},"end":{"line":704,"column":null}},"102":{"start":{"line":705,"column":4},"end":{"line":705,"column":null}},"103":{"start":{"line":709,"column":18},"end":{"line":709,"column":68}},"104":{"start":{"line":710,"column":4},"end":{"line":716,"column":null}},"105":{"start":{"line":711,"column":6},"end":{"line":715,"column":null}},"106":{"start":{"line":712,"column":8},"end":{"line":712,"column":null}},"107":{"start":{"line":714,"column":8},"end":{"line":714,"column":null}},"108":{"start":{"line":720,"column":4},"end":{"line":720,"column":null}},"109":{"start":{"line":721,"column":4},"end":{"line":721,"column":null}},"110":{"start":{"line":725,"column":4},"end":{"line":725,"column":null}},"111":{"start":{"line":726,"column":4},"end":{"line":726,"column":null}},"112":{"start":{"line":730,"column":4},"end":{"line":730,"column":null}},"113":{"start":{"line":735,"column":0},"end":{"line":735,"column":null}}},"fnMap":{"0":{"name":"(anonymous_0)","decl":{"start":{"line":525,"column":2},"end":{"line":525,"column":11}},"loc":{"start":{"line":525,"column":79},"end":{"line":586,"column":3}},"line":525},"1":{"name":"(anonymous_1)","decl":{"start":{"line":536,"column":37},"end":{"line":536,"column":40}},"loc":{"start":{"line":536,"column":44},"end":{"line":536,"column":83}},"line":536},"2":{"name":"(anonymous_2)","decl":{"start":{"line":564,"column":36},"end":{"line":564,"column":37}},"loc":{"start":{"line":564,"column":54},"end":{"line":571,"column":5}},"line":564},"3":{"name":"(anonymous_3)","decl":{"start":{"line":574,"column":74},"end":{"line":574,"column":75}},"loc":{"start":{"line":574,"column":84},"end":{"line":574,"column":85}},"line":574},"4":{"name":"(anonymous_4)","decl":{"start":{"line":588,"column":2},"end":{"line":588,"column":12}},"loc":{"start":{"line":588,"column":15},"end":{"line":594,"column":3}},"line":588},"5":{"name":"(anonymous_5)","decl":{"start":{"line":596,"column":2},"end":{"line":596,"column":12}},"loc":{"start":{"line":596,"column":31},"end":{"line":610,"column":3}},"line":596},"6":{"name":"(anonymous_6)","decl":{"start":{"line":602,"column":37},"end":{"line":602,"column":38}},"loc":{"start":{"line":602,"column":42},"end":{"line":602,"column":58}},"line":602},"7":{"name":"(anonymous_7)","decl":{"start":{"line":606,"column":47},"end":{"line":606,"column":48}},"loc":{"start":{"line":606,"column":52},"end":{"line":606,"column":91}},"line":606},"8":{"name":"(anonymous_8)","decl":{"start":{"line":607,"column":28},"end":{"line":607,"column":29}},"loc":{"start":{"line":607,"column":33},"end":{"line":607,"column":43}},"line":607},"9":{"name":"(anonymous_9)","decl":{"start":{"line":612,"column":2},"end":{"line":612,"column":20}},"loc":{"start":{"line":612,"column":23},"end":{"line":676,"column":3}},"line":612},"10":{"name":"(anonymous_10)","decl":{"start":{"line":640,"column":48},"end":{"line":640,"column":49}},"loc":{"start":{"line":640,"column":53},"end":{"line":640,"column":73}},"line":640},"11":{"name":"(anonymous_11)","decl":{"start":{"line":645,"column":47},"end":{"line":645,"column":48}},"loc":{"start":{"line":645,"column":52},"end":{"line":645,"column":91}},"line":645},"12":{"name":"(anonymous_12)","decl":{"start":{"line":646,"column":46},"end":{"line":646,"column":47}},"loc":{"start":{"line":646,"column":51},"end":{"line":646,"column":73}},"line":646},"13":{"name":"(anonymous_13)","decl":{"start":{"line":647,"column":48},"end":{"line":647,"column":49}},"loc":{"start":{"line":647,"column":53},"end":{"line":647,"column":73}},"line":647},"14":{"name":"(anonymous_14)","decl":{"start":{"line":678,"column":2},"end":{"line":678,"column":21}},"loc":{"start":{"line":678,"column":24},"end":{"line":690,"column":3}},"line":678},"15":{"name":"(anonymous_15)","decl":{"start":{"line":683,"column":26},"end":{"line":683,"column":27}},"loc":{"start":{"line":683,"column":31},"end":{"line":687,"column":5}},"line":683},"16":{"name":"(anonymous_16)","decl":{"start":{"line":692,"column":2},"end":{"line":692,"column":9}},"loc":{"start":{"line":692,"column":12},"end":{"line":695,"column":3}},"line":692},"17":{"name":"(anonymous_17)","decl":{"start":{"line":697,"column":2},"end":{"line":697,"column":11}},"loc":{"start":{"line":697,"column":14},"end":{"line":706,"column":3}},"line":697},"18":{"name":"(anonymous_18)","decl":{"start":{"line":708,"column":2},"end":{"line":708,"column":22}},"loc":{"start":{"line":708,"column":25},"end":{"line":717,"column":3}},"line":708},"19":{"name":"(anonymous_19)","decl":{"start":{"line":719,"column":2},"end":{"line":719,"column":19}},"loc":{"start":{"line":719,"column":33},"end":{"line":722,"column":3}},"line":719},"20":{"name":"(anonymous_20)","decl":{"start":{"line":724,"column":2},"end":{"line":724,"column":22}},"loc":{"start":{"line":724,"column":29},"end":{"line":727,"column":3}},"line":724},"21":{"name":"(anonymous_21)","decl":{"start":{"line":729,"column":2},"end":{"line":729,"column":18}},"loc":{"start":{"line":729,"column":21},"end":{"line":731,"column":null}},"line":729}},"branchMap":{"0":{"loc":{"start":{"line":525,"column":25},"end":{"line":525,"column":77}},"type":"default-arg","locations":[{"start":{"line":525,"column":35},"end":{"line":525,"column":77}}],"line":525},"1":{"loc":{"start":{"line":528,"column":4},"end":{"line":528,"column":null}},"type":"if","locations":[{"start":{"line":528,"column":4},"end":{"line":528,"column":null}},{"start":{},"end":{}}],"line":528},"2":{"loc":{"start":{"line":529,"column":4},"end":{"line":529,"column":null}},"type":"if","locations":[{"start":{"line":529,"column":4},"end":{"line":529,"column":null}},{"start":{},"end":{}}],"line":529},"3":{"loc":{"start":{"line":534,"column":29},"end":{"line":536,"column":28}},"type":"cond-expr","locations":[{"start":{"line":535,"column":8},"end":{"line":535,"column":null}},{"start":{"line":536,"column":8},"end":{"line":536,"column":28}}],"line":534},"4":{"loc":{"start":{"line":536,"column":44},"end":{"line":536,"column":83}},"type":"binary-expr","locations":[{"start":{"line":536,"column":44},"end":{"line":536,"column":56}},{"start":{"line":536,"column":60},"end":{"line":536,"column":83}}],"line":536},"5":{"loc":{"start":{"line":539,"column":4},"end":{"line":545,"column":null}},"type":"if","locations":[{"start":{"line":539,"column":4},"end":{"line":545,"column":null}},{"start":{"line":543,"column":11},"end":{"line":545,"column":null}}],"line":539},"6":{"loc":{"start":{"line":549,"column":4},"end":{"line":552,"column":null}},"type":"if","locations":[{"start":{"line":549,"column":4},"end":{"line":552,"column":null}},{"start":{},"end":{}}],"line":549},"7":{"loc":{"start":{"line":549,"column":8},"end":{"line":549,"column":36}},"type":"binary-expr","locations":[{"start":{"line":549,"column":8},"end":{"line":549,"column":14}},{"start":{"line":549,"column":18},"end":{"line":549,"column":36}}],"line":549},"8":{"loc":{"start":{"line":560,"column":13},"end":{"line":560,"column":62}},"type":"binary-expr","locations":[{"start":{"line":560,"column":13},"end":{"line":560,"column":42}},{"start":{"line":560,"column":46},"end":{"line":560,"column":62}}],"line":560},"9":{"loc":{"start":{"line":570,"column":14},"end":{"line":570,"column":null}},"type":"binary-expr","locations":[{"start":{"line":570,"column":14},"end":{"line":570,"column":34}},{"start":{"line":570,"column":38},"end":{"line":570,"column":null}}],"line":570},"10":{"loc":{"start":{"line":589,"column":4},"end":{"line":593,"column":null}},"type":"if","locations":[{"start":{"line":589,"column":4},"end":{"line":593,"column":null}},{"start":{"line":591,"column":11},"end":{"line":593,"column":null}}],"line":589},"11":{"loc":{"start":{"line":597,"column":4},"end":{"line":599,"column":null}},"type":"if","locations":[{"start":{"line":597,"column":4},"end":{"line":599,"column":null}},{"start":{},"end":{}}],"line":597},"12":{"loc":{"start":{"line":603,"column":4},"end":{"line":603,"column":null}},"type":"if","locations":[{"start":{"line":603,"column":4},"end":{"line":603,"column":null}},{"start":{},"end":{}}],"line":603},"13":{"loc":{"start":{"line":607,"column":4},"end":{"line":609,"column":null}},"type":"if","locations":[{"start":{"line":607,"column":4},"end":{"line":609,"column":null}},{"start":{},"end":{}}],"line":607},"14":{"loc":{"start":{"line":621,"column":6},"end":{"line":621,"column":null}},"type":"if","locations":[{"start":{"line":621,"column":6},"end":{"line":621,"column":null}},{"start":{},"end":{}}],"line":621},"15":{"loc":{"start":{"line":623,"column":6},"end":{"line":629,"column":null}},"type":"if","locations":[{"start":{"line":623,"column":6},"end":{"line":629,"column":null}},{"start":{"line":627,"column":13},"end":{"line":629,"column":null}}],"line":623},"16":{"loc":{"start":{"line":627,"column":13},"end":{"line":629,"column":null}},"type":"if","locations":[{"start":{"line":627,"column":13},"end":{"line":629,"column":null}},{"start":{},"end":{}}],"line":627},"17":{"loc":{"start":{"line":627,"column":17},"end":{"line":627,"column":68}},"type":"binary-expr","locations":[{"start":{"line":627,"column":17},"end":{"line":627,"column":52}},{"start":{"line":627,"column":56},"end":{"line":627,"column":68}}],"line":627},"18":{"loc":{"start":{"line":633,"column":4},"end":{"line":637,"column":null}},"type":"if","locations":[{"start":{"line":633,"column":4},"end":{"line":637,"column":null}},{"start":{},"end":{}}],"line":633},"19":{"loc":{"start":{"line":633,"column":8},"end":{"line":633,"column":35}},"type":"binary-expr","locations":[{"start":{"line":633,"column":8},"end":{"line":633,"column":11}},{"start":{"line":633,"column":15},"end":{"line":633,"column":35}}],"line":633},"20":{"loc":{"start":{"line":650,"column":4},"end":{"line":654,"column":null}},"type":"if","locations":[{"start":{"line":650,"column":4},"end":{"line":654,"column":null}},{"start":{},"end":{}}],"line":650},"21":{"loc":{"start":{"line":657,"column":4},"end":{"line":661,"column":null}},"type":"if","locations":[{"start":{"line":657,"column":4},"end":{"line":661,"column":null}},{"start":{},"end":{}}],"line":657},"22":{"loc":{"start":{"line":684,"column":6},"end":{"line":686,"column":null}},"type":"if","locations":[{"start":{"line":684,"column":6},"end":{"line":686,"column":null}},{"start":{},"end":{}}],"line":684},"23":{"loc":{"start":{"line":710,"column":4},"end":{"line":716,"column":null}},"type":"if","locations":[{"start":{"line":710,"column":4},"end":{"line":716,"column":null}},{"start":{},"end":{}}],"line":710}},"s":{"0":11,"1":90,"2":90,"3":90,"4":6,"5":90,"6":3,"7":90,"8":90,"9":506,"10":90,"11":4,"12":4,"13":86,"14":90,"15":90,"16":2,"17":2,"18":88,"19":88,"20":88,"21":89,"22":90,"23":90,"24":321,"25":90,"26":321,"27":90,"28":90,"29":91,"30":91,"31":91,"32":91,"33":88,"34":88,"35":88,"36":88,"37":4,"38":3,"39":1,"40":11,"41":9,"42":11,"43":11,"44":17,"45":11,"46":10,"47":11,"48":34,"49":11,"50":24,"51":1,"52":11,"53":11,"54":11,"55":11,"56":13,"57":13,"58":1,"59":12,"60":11,"61":11,"62":11,"63":1,"64":1,"65":11,"66":3,"67":3,"68":3,"69":8,"70":14,"71":8,"72":8,"73":8,"74":32,"75":8,"76":22,"77":8,"78":22,"79":8,"80":1,"81":1,"82":1,"83":7,"84":4,"85":4,"86":4,"87":3,"88":6,"89":6,"90":6,"91":21,"92":19,"93":6,"94":1,"95":2,"96":2,"97":2,"98":2,"99":2,"100":2,"101":2,"102":2,"103":14,"104":14,"105":2,"106":2,"107":1,"108":10,"109":10,"110":3,"111":3,"112":578,"113":11},"f":{"0":90,"1":506,"2":321,"3":321,"4":4,"5":11,"6":17,"7":34,"8":24,"9":11,"10":14,"11":32,"12":22,"13":22,"14":6,"15":21,"16":1,"17":2,"18":14,"19":10,"20":3,"21":578},"b":{"0":[90],"1":[6,84],"2":[3,87],"3":[88,2],"4":[506,505],"5":[4,86],"6":[2,88],"7":[90,88],"8":[88,2],"9":[321,5],"10":[3,1],"11":[9,2],"12":[10,1],"13":[1,10],"14":[1,12],"15":[11,1],"16":[1,0],"17":[1,1],"18":[3,8],"19":[11,10],"20":[1,7],"21":[4,3],"22":[19,2],"23":[2,12]},"meta":{"lastBranch":24,"lastFunction":22,"lastStatement":114,"seen":{"s:3:20:732:2":0,"f:525:2:525:11":0,"b:525:35:525:77":0,"s:526:4:526:Infinity":1,"s:527:4:527:Infinity":2,"b:528:4:528:Infinity:undefined:undefined:undefined:undefined":1,"s:528:4:528:Infinity":3,"s:528:35:528:Infinity":4,"b:529:4:529:Infinity:undefined:undefined:undefined:undefined":2,"s:529:4:529:Infinity":5,"s:529:30:529:Infinity":6,"s:531:20:531:44":7,"s:534:28:536:84":8,"b:535:8:535:Infinity:536:8:536:28":3,"f:536:37:536:40":1,"s:536:44:536:83":9,"b:536:44:536:56:536:60:536:83":4,"b:539:4:545:Infinity:543:11:545:Infinity":5,"s:539:4:545:Infinity":10,"s:540:6:540:Infinity":11,"s:542:6:542:Infinity":12,"s:544:6:544:Infinity":13,"s:547:18:547:49":14,"b:549:4:552:Infinity:undefined:undefined:undefined:undefined":6,"s:549:4:552:Infinity":15,"b:549:8:549:14:549:18:549:36":7,"s:550:6:550:Infinity":16,"s:551:6:551:Infinity":17,"s:554:22:554:62":18,"s:555:4:555:Infinity":19,"s:558:4:560:Infinity":20,"s:559:6:559:Infinity":21,"b:560:13:560:42:560:46:560:62":8,"s:562:4:562:Infinity":22,"s:564:4:571:Infinity":23,"f:564:36:564:37":2,"s:564:54:571:5":24,"b:570:14:570:34:570:38:570:Infinity":9,"s:574:29:574:86":25,"f:574:74:574:75":3,"s:574:84:574:85":26,"s:575:4:580:Infinity":27,"s:575:17:575:18":28,"s:576:26:576:77":29,"s:577:26:577:68":30,"s:578:6:578:Infinity":31,"s:579:6:579:Infinity":32,"s:582:4:582:Infinity":33,"s:583:4:583:Infinity":34,"s:584:4:584:Infinity":35,"s:585:4:585:Infinity":36,"f:588:2:588:12":4,"b:589:4:593:Infinity:591:11:593:Infinity":10,"s:589:4:593:Infinity":37,"s:590:6:590:Infinity":38,"s:592:6:592:Infinity":39,"f:596:2:596:12":5,"b:597:4:599:Infinity:undefined:undefined:undefined:undefined":11,"s:597:4:599:Infinity":40,"s:598:6:598:Infinity":41,"s:600:4:600:Infinity":42,"s:602:18:602:59":43,"f:602:37:602:38":6,"s:602:42:602:58":44,"b:603:4:603:Infinity:undefined:undefined:undefined:undefined":12,"s:603:4:603:Infinity":45,"s:603:15:603:Infinity":46,"s:606:26:606:92":47,"f:606:47:606:48":7,"s:606:52:606:91":48,"b:607:4:609:Infinity:undefined:undefined:undefined:undefined":13,"s:607:4:609:Infinity":49,"f:607:28:607:29":8,"s:607:33:607:43":50,"s:608:6:608:Infinity":51,"f:612:2:612:20":9,"s:614:19:614:20":52,"s:615:22:615:26":53,"s:616:14:616:19":54,"s:618:4:630:Infinity":55,"s:619:28:619:40":56,"b:621:6:621:Infinity:undefined:undefined:undefined:undefined":14,"s:621:6:621:Infinity":57,"s:621:59:621:Infinity":58,"b:623:6:629:Infinity:627:13:629:Infinity":15,"s:623:6:629:Infinity":59,"s:624:8:624:Infinity":60,"s:625:8:625:Infinity":61,"s:626:8:626:Infinity":62,"b:627:13:629:Infinity:undefined:undefined:undefined:undefined":16,"s:627:13:629:Infinity":63,"b:627:17:627:52:627:56:627:68":17,"s:628:8:628:Infinity":64,"b:633:4:637:Infinity:undefined:undefined:undefined:undefined":18,"s:633:4:637:Infinity":65,"b:633:8:633:11:633:15:633:35":19,"s:634:6:634:Infinity":66,"s:635:6:635:Infinity":67,"s:636:6:636:Infinity":68,"s:640:29:640:74":69,"f:640:48:640:49":10,"s:640:53:640:73":70,"s:641:4:641:Infinity":71,"s:642:4:642:Infinity":72,"s:645:26:645:92":73,"f:645:47:645:48":11,"s:645:52:645:91":74,"s:646:25:646:74":75,"f:646:46:646:47":12,"s:646:51:646:73":76,"s:647:27:647:74":77,"f:647:48:647:49":13,"s:647:53:647:73":78,"b:650:4:654:Infinity:undefined:undefined:undefined:undefined":20,"s:650:4:654:Infinity":79,"s:651:6:651:Infinity":80,"s:652:6:652:Infinity":81,"s:653:6:653:Infinity":82,"b:657:4:661:Infinity:undefined:undefined:undefined:undefined":21,"s:657:4:661:Infinity":83,"s:658:6:658:Infinity":84,"s:659:6:659:Infinity":85,"s:660:6:660:Infinity":86,"s:675:4:675:Infinity":87,"f:678:2:678:21":14,"s:679:4:679:Infinity":88,"s:680:4:680:Infinity":89,"s:683:4:687:Infinity":90,"f:683:26:683:27":15,"b:684:6:686:Infinity:undefined:undefined:undefined:undefined":22,"s:684:6:686:Infinity":91,"s:685:8:685:Infinity":92,"s:689:4:689:Infinity":93,"f:692:2:692:9":16,"s:694:4:694:Infinity":94,"f:697:2:697:11":17,"s:698:4:698:Infinity":95,"s:699:4:699:Infinity":96,"s:700:4:700:Infinity":97,"s:701:4:701:Infinity":98,"s:702:4:702:Infinity":99,"s:703:4:703:Infinity":100,"s:704:4:704:Infinity":101,"s:705:4:705:Infinity":102,"f:708:2:708:22":18,"s:709:18:709:68":103,"b:710:4:716:Infinity:undefined:undefined:undefined:undefined":23,"s:710:4:716:Infinity":104,"s:711:6:715:Infinity":105,"s:712:8:712:Infinity":106,"s:714:8:714:Infinity":107,"f:719:2:719:19":19,"s:720:4:720:Infinity":108,"s:721:4:721:Infinity":109,"f:724:2:724:22":20,"s:725:4:725:Infinity":110,"s:726:4:726:Infinity":111,"f:729:2:729:18":21,"s:730:4:730:Infinity":112,"s:735:0:735:Infinity":113}}}
}
